
 Running default procedure: HF-SCF000
1PROGRAM * ALASKA (Gradient of the energy)     Author: R. Lindh

 Orbitals from record         2100.2

 Number of closed-shell orbitals:  4 (  2  1  0  0  1  0  0 )
 Number of occupied orbitals:      4 (  2  1  0  0  1  0  0 )

 Number of electrons=  8     Singlet     Space symmetry=1      Wavefunction type: CLOSED          


 SCF GRADIENT FOR STATE 1.1

 Atom          dE/dx               dE/dy               dE/dz

   1         0.000000000         0.000000000         1.885371231
   2         0.000000000         0.000000000        -1.885371231

 Nuclear force contribution to virial =        -2.614228109
 Reading points  1 to  1 from record 700.2,  wavefunction type=HF-SCF000       

 Making model hessian for Z-matrix coordinates
 No hessian update for point  1

 Quadratic Steepest Descent - Minimum Search

 Optimization point 1

 Variable                      Last           Current        Next           Gradient       Hessian

 E(HF-SCF000) / Hartree      0.00000000   -27.98636593     0.00000000
 R / BOHR                    0.00000000     1.38658534     1.83658516    -1.88537123     2.63660211
 Convergence:                0.00000000  (line search)     0.44999982     1.88537123  (total)

 Geometry written to block  2 of record 700


 Current variables in basis input:

 Set= 1  $BSET               =  6-31G

 Recomputing integrals since geometry changed

1PROGRAM * SEWARD (Integral evaluation for generally contracted gaussian basis sets)     Author: Roland Lindh, 1990

 Geometry written to block  2 of record 700

 Orientation using atomic masses  
 Molecule type: Linear
 Symmetry elements: X,Y,Z
 Rotational constants:     118.7388727    118.7388727      0.0000000 GHz  (calculated with average atomic masses)

 Point group  D2h 



 ATOMIC COORDINATES

 NR  ATOM    CHARGE       X              Y              Z

   1  BE      4.00    0.000000000    0.000000000   -0.918292578
   2  BE      4.00    0.000000000    0.000000000    0.918292578

 Bond lengths in Bohr (Angstrom)

 1-2  1.836585157
     ( 0.971879007)

 NUCLEAR CHARGE:                    8
 NUMBER OF PRIMITIVE AOS:          44
 NUMBER OF SYMMETRY AOS:           44
 NUMBER OF CONTRACTIONS:           18   (   5Ag  +   2B3u +   2B2u +   0B1g +   5B1u +   2B2g +   2B3g +   0Au  )
 NUMBER OF CORE ORBITALS:           2   (   1Ag  +   0B3u +   0B2u +   0B1g +   1B1u +   0B2g +   0B3g +   0Au  )
 NUMBER OF VALENCE ORBITALS:        8   (   2Ag  +   1B3u +   1B2u +   0B1g +   2B1u +   1B2g +   1B3g +   0Au  )


 NUCLEAR REPULSION ENERGY    8.71182038


 Eigenvalues of metric

         1 0.136E+00 0.168E+00 0.723E+00 0.109E+01 0.381E+01
         2 0.523E+00 0.296E+01
         3 0.523E+00 0.296E+01
         5 0.211E-03 0.153E-01 0.320E+00 0.968E+00 0.277E+01
         6 0.784E-01 0.437E+00
         7 0.784E-01 0.437E+00


 Contracted 2-electron integrals neglected if value below      1.0D-11
 AO integral compression algorithm  1   Integral accuracy      1.0D-11

     0.262 MB (compressed) written to integral file (100.0%)


 NUMBER OF SORTED TWO-ELECTRON INTEGRALS:       2829.     BUFFER LENGTH:  32768
 NUMBER OF SEGMENTS:   1  SEGMENT LENGTH:       2829      RECORD LENGTH: 524288

 Memory used in sort:       0.56 MW

 SORT1 READ        8184. AND WROTE        2829. INTEGRALS IN      1 RECORDS. CPU TIME:     0.00 SEC, REAL TIME:     0.00 SEC
 SORT2 READ        2829. AND WROTE        2829. INTEGRALS IN      1 RECORDS. CPU TIME:     0.00 SEC, REAL TIME:     0.01 SEC

 FILE SIZES:   FILE 1:     7.8 MBYTE,  FILE 4:     4.2 MBYTE,   TOTAL:     12.0 MBYTE

 OPERATOR DM      FOR CENTER  0  COORDINATES:    0.000000    0.000000    0.000000
1PROGRAM * RHF-SCF (CLOSED SHELL)       Authors: W. Meyer, H.-J. Werner


 NUMBER OF ELECTRONS:       4+    4-
 CONVERGENCE THRESHOLDS:    1.00E-06 (Density)    1.00E-08 (Energy)
 MAX. NUMBER OF ITERATIONS:       60
 INTERPOLATION TYPE:            DIIS
 INTERPOLATION STEPS:              2 (START)      1 (STEP)
 LEVEL SHIFTS:                  0.00 (CLOSED)  0.00 (OPEN) 

 Number of closed-shell orbitals:    4 (   2   1   0   0   1   0   0 )


 Molecular orbitals read from record     2100.2  Type=RHF/CANONICAL (state 1.1)

 Molecular orbital dump at record        2100.2

 ITERATION    DDIFF          GRAD             ENERGY        2-EL.EN.            DIPOLE MOMENTS         DIIS   ORB.
    1      0.000D+00      0.000D+00       -28.51555921     33.176233    0.00000    0.00000    0.00000    0    start
    2      0.000D+00      0.340D-01       -28.53725192     32.931450    0.00000    0.00000    0.00000    1    diag
    3      0.651D-01      0.873D-02       -28.54074483     32.934924    0.00000    0.00000    0.00000    2    diag
    4      0.161D-01      0.297D-02       -28.54124162     32.961711    0.00000    0.00000    0.00000    3    diag
    5      0.788D-02      0.197D-03       -28.54124355     32.962579    0.00000    0.00000    0.00000    4    diag
    6      0.584D-03      0.318D-04       -28.54124359     32.962587    0.00000    0.00000    0.00000    5    diag
    7      0.103D-03      0.368D-05       -28.54124359     32.962585    0.00000    0.00000    0.00000    6    diag
    8      0.130D-04      0.234D-06       -28.54124359     32.962581    0.00000    0.00000    0.00000    7    orth
    9      0.555D-06      0.354D-07       -28.54124359     32.962581    0.00000    0.00000    0.00000    0    orth

 Final occupancy:   2   1   0   0   1   0   0

 !RHF STATE 1.1 Energy                -28.541243591495
 Nuclear energy                         8.71182038
 One-electron energy                  -53.73435454
 Two-electron energy                   16.48129056
 Virial quotient                       -0.94289402
 !RHF STATE 1.1 Dipole moment           0.00000000     0.00000000     0.00000000
 Dipole moment /Debye                   0.00000000     0.00000000     0.00000000

 Orbital energies:

         1.1          2.1          3.1          4.1
     -4.922437    -0.386292     0.155780     0.400825

         1.2          2.2
     -0.301911     0.312352

         1.3          2.3
     -0.006011     0.315855

         1.5          2.5          3.5
     -4.775247     0.030337     0.290916

         1.6          2.6
      0.218684     0.673433

         1.7          2.7
      0.212508     0.674746

 HOMO      1.2    -0.301911 =      -8.2154eV
 LUMO      1.3    -0.006011 =      -0.1636eV
 LUMO-HOMO         0.295900 =       8.0518eV


 **********************************************************************************************************************************
 DATASETS  * FILE   NREC   LENGTH (MB)   RECORD NAMES
              1      19        7.54       500      610      700      900      950      970     1000      129      960     1100   
                                          VAR    BASINP    GEOM    SYMINP    ZMAT    AOBASIS   BASIS     P2S    ABASIS      S 
                                         1400     1410     1200     1210     1080     1600     1650     1300     1700   
                                           T        V       H0       H01     AOSYM     SMH    MOLCAS    ERIS     OPER   

              2       4        0.29       700     1000      520     2100   
                                         GEOM     BASIS   MCVARS     RHF  

 PROGRAMS   *        TOTAL        HF        HF       INT
 CPU TIMES  *         0.17      0.03      0.01      0.01
 REAL TIME  *         0.25 SEC
 DISK USED  *        12.34 MB      
 **********************************************************************************************************************************

 PROGRESS OF GEOMETRY OPTIMIZATION.    TOTAL CPU:         0.1 SEC
   1   -27.98636593   -28.54124359    -0.55487766  1.88537123  1.88537123  1.88537123  0.44999982  0.44999982  0.44999982

 **********************************************************************************************************************************

 Current geometry (xyz format, in Angstrom)

    2
 HF-SCF000/$BSET  ENERGY=-28.54124359
 Be         0.0000000000        0.0000000000       -0.4859395037
 Be         0.0000000000        0.0000000000        0.4859395037

 **********************************************************************************************************************************

 Current variables
 R=                   1.83658516 BOHR

 **********************************************************************************************************************************
1PROGRAM * ALASKA (Gradient of the energy)     Author: R. Lindh

 Orbitals from record         2100.2

 Number of closed-shell orbitals:  4 (  2  1  0  0  1  0  0 )
 Number of occupied orbitals:      4 (  2  1  0  0  1  0  0 )

 Number of electrons=  8     Singlet     Space symmetry=1      Wavefunction type: CLOSED          


 SCF GRADIENT FOR STATE 1.1

 Atom          dE/dx               dE/dy               dE/dz

   1         0.000000000         0.000000000         0.833148968
   2         0.000000000         0.000000000        -0.833148968

 Nuclear force contribution to virial =        -1.530149028
 Reading points  1 to  2 from record 700.2,  wavefunction type=HF-SCF000       

 Making model hessian for Z-matrix coordinates
 BFGS update of hessian using  1 points

 Quadratic Steepest Descent - Minimum Search

 Optimization point 2

 Variable                      Last           Current        Next           Gradient       Hessian

 E(HF-SCF000) / Hartree    -27.98636593   -28.54124359     0.00000000
 R / BOHR                    1.38658534     1.83658516     2.19289475    -0.83314897     2.33827265
 Convergence:                0.00000000  (line search)     0.35630959     0.83314897  (total)

 Geometry written to block  3 of record 700


 Current variables in basis input:

 Set= 1  $BSET               =  6-31G

 Recomputing integrals since geometry changed

1PROGRAM * SEWARD (Integral evaluation for generally contracted gaussian basis sets)     Author: Roland Lindh, 1990

 Geometry written to block  3 of record 700

 Orientation using atomic masses  
 Molecule type: Linear
 Symmetry elements: X,Y,Z
 Rotational constants:      83.2874350     83.2874350      0.0000000 GHz  (calculated with average atomic masses)

 Point group  D2h 



 ATOMIC COORDINATES

 NR  ATOM    CHARGE       X              Y              Z

   1  BE      4.00    0.000000000    0.000000000   -1.096447373
   2  BE      4.00    0.000000000    0.000000000    1.096447373

 Bond lengths in Bohr (Angstrom)

 1-2  2.192894747
     ( 1.160429922)

 NUCLEAR CHARGE:                    8
 NUMBER OF PRIMITIVE AOS:          44
 NUMBER OF SYMMETRY AOS:           44
 NUMBER OF CONTRACTIONS:           18   (   5Ag  +   2B3u +   2B2u +   0B1g +   5B1u +   2B2g +   2B3g +   0Au  )
 NUMBER OF CORE ORBITALS:           2   (   1Ag  +   0B3u +   0B2u +   0B1g +   1B1u +   0B2g +   0B3g +   0Au  )
 NUMBER OF VALENCE ORBITALS:        8   (   2Ag  +   1B3u +   1B2u +   0B1g +   2B1u +   1B2g +   1B3g +   0Au  )


 NUCLEAR REPULSION ENERGY    7.29629182


 Eigenvalues of metric

         1 0.151E+00 0.189E+00 0.841E+00 0.114E+01 0.377E+01
         2 0.486E+00 0.284E+01
         3 0.486E+00 0.284E+01
         5 0.560E-03 0.282E-01 0.289E+00 0.963E+00 0.263E+01
         6 0.104E+00 0.568E+00
         7 0.104E+00 0.568E+00


 Contracted 2-electron integrals neglected if value below      1.0D-11
 AO integral compression algorithm  1   Integral accuracy      1.0D-11

     0.262 MB (compressed) written to integral file (100.0%)


 NUMBER OF SORTED TWO-ELECTRON INTEGRALS:       2829.     BUFFER LENGTH:  32768
 NUMBER OF SEGMENTS:   1  SEGMENT LENGTH:       2829      RECORD LENGTH: 524288

 Memory used in sort:       0.56 MW

 SORT1 READ        8184. AND WROTE        2829. INTEGRALS IN      1 RECORDS. CPU TIME:     0.00 SEC, REAL TIME:     0.00 SEC
 SORT2 READ        2829. AND WROTE        2829. INTEGRALS IN      1 RECORDS. CPU TIME:     0.00 SEC, REAL TIME:     0.01 SEC

 FILE SIZES:   FILE 1:     7.8 MBYTE,  FILE 4:     4.2 MBYTE,   TOTAL:     12.0 MBYTE

 OPERATOR DM      FOR CENTER  0  COORDINATES:    0.000000    0.000000    0.000000
1PROGRAM * RHF-SCF (CLOSED SHELL)       Authors: W. Meyer, H.-J. Werner


 NUMBER OF ELECTRONS:       4+    4-
 CONVERGENCE THRESHOLDS:    1.00E-06 (Density)    1.00E-08 (Energy)
 MAX. NUMBER OF ITERATIONS:       60
 INTERPOLATION TYPE:            DIIS
 INTERPOLATION STEPS:              2 (START)      1 (STEP)
 LEVEL SHIFTS:                  0.00 (CLOSED)  0.00 (OPEN) 

 Number of closed-shell orbitals:    4 (   2   1   0   0   1   0   0 )


 Molecular orbitals read from record     2100.2  Type=RHF/CANONICAL (state 1.1)

 Molecular orbital dump at record        2100.2

 ITERATION    DDIFF          GRAD             ENERGY        2-EL.EN.            DIPOLE MOMENTS         DIIS   ORB.
    1      0.000D+00      0.000D+00       -28.76578598     31.729988    0.00000    0.00000    0.00000    0    start
    2      0.000D+00      0.183D-01       -28.77454097     31.587878    0.00000    0.00000    0.00000    1    diag
    3      0.263D-01      0.610D-02       -28.77657308     31.607471    0.00000    0.00000    0.00000    2    diag
    4      0.132D-01      0.191D-02       -28.77681190     31.625438    0.00000    0.00000    0.00000    3    diag
    5      0.600D-02      0.918D-04       -28.77681233     31.626010    0.00000    0.00000    0.00000    4    diag
    6      0.236D-03      0.165D-04       -28.77681235     31.626159    0.00000    0.00000    0.00000    5    diag
    7      0.529D-04      0.581D-06       -28.77681235     31.626162    0.00000    0.00000    0.00000    6    diag
    8      0.146D-05      0.127D-06       -28.77681235     31.626162    0.00000    0.00000    0.00000    7    orth
    9      0.477D-06      0.697D-08       -28.77681235     31.626162    0.00000    0.00000    0.00000    0    orth

 Final occupancy:   2   1   0   0   1   0   0

 !RHF STATE 1.1 Energy                -28.776812347146
 Nuclear energy                         7.29629182
 One-electron energy                  -51.88618537
 Two-electron energy                   15.81308121
 Virial quotient                       -0.95566515
 !RHF STATE 1.1 Dipole moment           0.00000000     0.00000000     0.00000000
 Dipole moment /Debye                   0.00000000     0.00000000     0.00000000

 Orbital energies:

         1.1          2.1          3.1          4.1
     -4.765837    -0.396409     0.118457     0.363318

         1.2          2.2
     -0.252522     0.349625

         1.3          2.3
      0.018705     0.355008

         1.5          2.5          3.5
     -4.715244     0.025848     0.292810

         1.6          2.6
      0.205186     0.630788

         1.7          2.7
      0.202757     0.631974

 HOMO      1.2    -0.252522 =      -6.8715eV
 LUMO      1.3     0.018705 =       0.5090eV
 LUMO-HOMO         0.271226 =       7.3804eV


 **********************************************************************************************************************************
 DATASETS  * FILE   NREC   LENGTH (MB)   RECORD NAMES
              1      19        7.54       500      610      700      900      950      970     1000      129      960     1100   
                                          VAR    BASINP    GEOM    SYMINP    ZMAT    AOBASIS   BASIS     P2S    ABASIS      S 
                                         1400     1410     1200     1210     1080     1600     1650     1300     1700   
                                           T        V       H0       H01     AOSYM     SMH    MOLCAS    ERIS     OPER   

              2       4        0.29       700     1000      520     2100   
                                         GEOM     BASIS   MCVARS     RHF  

 PROGRAMS   *        TOTAL        HF        HF       INT
 CPU TIMES  *         0.24      0.02      0.01      0.01
 REAL TIME  *         0.33 SEC
 DISK USED  *        12.34 MB      
 **********************************************************************************************************************************

 PROGRESS OF GEOMETRY OPTIMIZATION.    TOTAL CPU:         0.1 SEC
   1   -27.98636593   -28.54124359    -0.55487766  1.88537123  1.88537123  1.88537123  0.44999982  0.44999982  0.44999982
   2   -28.54124359   -28.77681235    -0.23556876  0.83314897  0.83314897  0.83314897  0.35630959  0.35630959  0.35630959

 **********************************************************************************************************************************

 Current geometry (xyz format, in Angstrom)

    2
 HF-SCF000/$BSET  ENERGY=-28.77681235
 Be         0.0000000000        0.0000000000       -0.5802149609
 Be         0.0000000000        0.0000000000        0.5802149609

 **********************************************************************************************************************************

 Current variables
 R=                   2.19289475 BOHR

 **********************************************************************************************************************************
1PROGRAM * ALASKA (Gradient of the energy)     Author: R. Lindh

 Orbitals from record         2100.2

 Number of closed-shell orbitals:  4 (  2  1  0  0  1  0  0 )
 Number of occupied orbitals:      4 (  2  1  0  0  1  0  0 )

 Number of electrons=  8     Singlet     Space symmetry=1      Wavefunction type: CLOSED          


 SCF GRADIENT FOR STATE 1.1

 Atom          dE/dx               dE/dy               dE/dz

   1         0.000000000         0.000000000         0.509718613
   2         0.000000000         0.000000000        -0.509718613

 Nuclear force contribution to virial =        -1.117759268
 Reading points  1 to  3 from record 700.2,  wavefunction type=HF-SCF000       

 Making model hessian for Z-matrix coordinates
 BFGS update of hessian using  2 points

 Quadratic Steepest Descent - Minimum Search

 Optimization point 3

 Variable                      Last           Current        Next           Gradient       Hessian

 E(HF-SCF000) / Hartree    -28.54124359   -28.77681235     0.00000000
 R / BOHR                    1.83658516     2.19289475     2.75443026    -0.50971861     0.90772285
 Convergence:                0.00000000  (line search)     0.56153551     0.50971861  (total)

 Geometry written to block  4 of record 700


 Current variables in basis input:

 Set= 1  $BSET               =  6-31G

 Recomputing integrals since geometry changed

1PROGRAM * SEWARD (Integral evaluation for generally contracted gaussian basis sets)     Author: Roland Lindh, 1990

 Geometry written to block  4 of record 700

 Orientation using atomic masses  
 Molecule type: Linear
 Symmetry elements: X,Y,Z
 Rotational constants:      52.7899804     52.7899804      0.0000000 GHz  (calculated with average atomic masses)

 Point group  D2h 



 ATOMIC COORDINATES

 NR  ATOM    CHARGE       X              Y              Z

   1  BE      4.00    0.000000000    0.000000000   -1.377215129
   2  BE      4.00    0.000000000    0.000000000    1.377215129

 Bond lengths in Bohr (Angstrom)

 1-2  2.754430258
     ( 1.457581716)

 NUCLEAR CHARGE:                    8
 NUMBER OF PRIMITIVE AOS:          44
 NUMBER OF SYMMETRY AOS:           44
 NUMBER OF CONTRACTIONS:           18   (   5Ag  +   2B3u +   2B2u +   0B1g +   5B1u +   2B2g +   2B3g +   0Au  )
 NUMBER OF CORE ORBITALS:           2   (   1Ag  +   0B3u +   0B2u +   0B1g +   1B1u +   0B2g +   0B3g +   0Au  )
 NUMBER OF VALENCE ORBITALS:        8   (   2Ag  +   1B3u +   1B2u +   0B1g +   2B1u +   1B2g +   1B3g +   0Au  )


 NUCLEAR REPULSION ENERGY    5.80882379


 Eigenvalues of metric

         1 0.147E+00 0.244E+00 0.908E+00 0.129E+01 0.367E+01
         2 0.438E+00 0.265E+01
         3 0.438E+00 0.265E+01
         5 0.199E-02 0.874E-01 0.260E+00 0.951E+00 0.244E+01
         6 0.144E+00 0.769E+00
         7 0.144E+00 0.769E+00


 Contracted 2-electron integrals neglected if value below      1.0D-11
 AO integral compression algorithm  1   Integral accuracy      1.0D-11

     0.262 MB (compressed) written to integral file (100.0%)


 NUMBER OF SORTED TWO-ELECTRON INTEGRALS:       2829.     BUFFER LENGTH:  32768
 NUMBER OF SEGMENTS:   1  SEGMENT LENGTH:       2829      RECORD LENGTH: 524288

 Memory used in sort:       0.56 MW

 SORT1 READ        8184. AND WROTE        2829. INTEGRALS IN      1 RECORDS. CPU TIME:     0.00 SEC, REAL TIME:     0.00 SEC
 SORT2 READ        2829. AND WROTE        2829. INTEGRALS IN      1 RECORDS. CPU TIME:     0.00 SEC, REAL TIME:     0.00 SEC

 FILE SIZES:   FILE 1:     7.8 MBYTE,  FILE 4:     4.2 MBYTE,   TOTAL:     12.0 MBYTE

 OPERATOR DM      FOR CENTER  0  COORDINATES:    0.000000    0.000000    0.000000
1PROGRAM * RHF-SCF (CLOSED SHELL)       Authors: W. Meyer, H.-J. Werner


 NUMBER OF ELECTRONS:       4+    4-
 CONVERGENCE THRESHOLDS:    1.00E-06 (Density)    1.00E-08 (Energy)
 MAX. NUMBER OF ITERATIONS:       60
 INTERPOLATION TYPE:            DIIS
 INTERPOLATION STEPS:              2 (START)      1 (STEP)
 LEVEL SHIFTS:                  0.00 (CLOSED)  0.00 (OPEN) 

 Number of closed-shell orbitals:    4 (   2   1   0   0   1   0   0 )


 Molecular orbitals read from record     2100.2  Type=RHF/CANONICAL (state 1.1)

 Molecular orbital dump at record        2100.2

 ITERATION    DDIFF          GRAD             ENERGY        2-EL.EN.            DIPOLE MOMENTS         DIIS   ORB.
    1      0.000D+00      0.000D+00       -28.95173704     29.991361    0.00000    0.00000    0.00000    0    start
    2      0.000D+00      0.176D-01       -28.95984888     29.593394    0.00000    0.00000    0.00000    1    diag
    3      0.311D-01      0.426D-02       -28.96087482     29.575792    0.00000    0.00000    0.00000    2    diag
    4      0.103D-01      0.161D-02       -28.96105358     29.580815    0.00000    0.00000    0.00000    3    diag
    5      0.552D-02      0.197D-03       -28.96105533     29.582973    0.00000    0.00000    0.00000    4    diag
    6      0.372D-03      0.277D-04       -28.96105537     29.583153    0.00000    0.00000    0.00000    5    diag
    7      0.764D-04      0.122D-05       -28.96105537     29.583159    0.00000    0.00000    0.00000    6    diag
    8      0.252D-05      0.106D-06       -28.96105537     29.583158    0.00000    0.00000    0.00000    7    orth
    9      0.262D-06      0.134D-07       -28.96105537     29.583159    0.00000    0.00000    0.00000    0    orth

 Final occupancy:   2   1   0   0   1   0   0

 !RHF STATE 1.1 Energy                -28.961055365735
 Nuclear energy                         5.80882379
 One-electron energy                  -49.56145842
 Two-electron energy                   14.79157927
 Virial quotient                       -0.97797249
 !RHF STATE 1.1 Dipole moment           0.00000000     0.00000000     0.00000000
 Dipole moment /Debye                   0.00000000     0.00000000     0.00000000

 Orbital energies:

         1.1          2.1          3.1          4.1
     -4.695968    -0.401980     0.087375     0.361902

         1.2          2.2
     -0.204571     0.397761

         1.3          2.3
      0.039438     0.401944

         1.5          2.5          3.5
     -4.686631     0.012773     0.288443

         1.6          2.6
      0.182611     0.574047

         1.7          2.7
      0.186329     0.574009

 HOMO      1.2    -0.204571 =      -5.5667eV
 LUMO      2.5     0.012773 =       0.3476eV
 LUMO-HOMO         0.217344 =       5.9142eV


 **********************************************************************************************************************************
 DATASETS  * FILE   NREC   LENGTH (MB)   RECORD NAMES
              1      19        7.54       500      610      700      900      950      970     1000      129      960     1100   
                                          VAR    BASINP    GEOM    SYMINP    ZMAT    AOBASIS   BASIS     P2S    ABASIS      S 
                                         1400     1410     1200     1210     1080     1600     1650     1300     1700   
                                           T        V       H0       H01     AOSYM     SMH    MOLCAS    ERIS     OPER   

              2       4        0.29       700     1000      520     2100   
                                         GEOM     BASIS   MCVARS     RHF  

 PROGRAMS   *        TOTAL        HF        HF       INT
 CPU TIMES  *         0.31      0.02      0.01      0.01
 REAL TIME  *         0.40 SEC
 DISK USED  *        12.34 MB      
 **********************************************************************************************************************************

 PROGRESS OF GEOMETRY OPTIMIZATION.    TOTAL CPU:         0.2 SEC
   1   -27.98636593   -28.54124359    -0.55487766  1.88537123  1.88537123  1.88537123  0.44999982  0.44999982  0.44999982
   2   -28.54124359   -28.77681235    -0.23556876  0.83314897  0.83314897  0.83314897  0.35630959  0.35630959  0.35630959
   3   -28.77681235   -28.96105537    -0.18424302  0.50971861  0.50971861  0.50971861  0.56153551  0.56153551  0.56153551

 **********************************************************************************************************************************

 Current geometry (xyz format, in Angstrom)

    2
 HF-SCF000/$BSET  ENERGY=-28.96105537
 Be         0.0000000000        0.0000000000       -0.7287908582
 Be         0.0000000000        0.0000000000        0.7287908582

 **********************************************************************************************************************************

 Current variables
 R=                   2.75443026 BOHR

 **********************************************************************************************************************************
1PROGRAM * ALASKA (Gradient of the energy)     Author: R. Lindh

 Orbitals from record         2100.2

 Number of closed-shell orbitals:  4 (  2  1  0  0  1  0  0 )
 Number of occupied orbitals:      4 (  2  1  0  0  1  0  0 )

 Number of electrons=  8     Singlet     Space symmetry=1      Wavefunction type: CLOSED          


 SCF GRADIENT FOR STATE 1.1

 Atom          dE/dx               dE/dy               dE/dz

   1         0.000000000         0.000000000         0.179185029
   2         0.000000000         0.000000000        -0.179185029

 Nuclear force contribution to virial =        -0.493552665
 Reading points  1 to  4 from record 700.2,  wavefunction type=HF-SCF000       

 Making model hessian for Z-matrix coordinates
 BFGS update of hessian using  3 points

 Quadratic Steepest Descent - Minimum Search

 Optimization point 4

 Variable                      Last           Current        Next           Gradient       Hessian

 E(HF-SCF000) / Hartree    -28.77681235   -28.96105537     0.00000000
 R / BOHR                    2.19289475     2.75443026     3.05884337    -0.17918503     0.58862454
 Convergence:                0.00000000  (line search)     0.30441311     0.17918503  (total)

 Geometry written to block  5 of record 700


 Current variables in basis input:

 Set= 1  $BSET               =  6-31G

 Recomputing integrals since geometry changed

1PROGRAM * SEWARD (Integral evaluation for generally contracted gaussian basis sets)     Author: Roland Lindh, 1990

 Geometry written to block  5 of record 700

 Orientation using atomic masses  
 Molecule type: Linear
 Symmetry elements: X,Y,Z
 Rotational constants:      42.8055994     42.8055994      0.0000000 GHz  (calculated with average atomic masses)

 Point group  D2h 



 ATOMIC COORDINATES

 NR  ATOM    CHARGE       X              Y              Z

   1  BE      4.00    0.000000000    0.000000000   -1.529421685
   2  BE      4.00    0.000000000    0.000000000    1.529421685

 Bond lengths in Bohr (Angstrom)

 1-2  3.058843370
     ( 1.618670197)

 NUCLEAR CHARGE:                    8
 NUMBER OF PRIMITIVE AOS:          44
 NUMBER OF SYMMETRY AOS:           44
 NUMBER OF CONTRACTIONS:           18   (   5Ag  +   2B3u +   2B2u +   0B1g +   5B1u +   2B2g +   2B3g +   0Au  )
 NUMBER OF CORE ORBITALS:           2   (   1Ag  +   0B3u +   0B2u +   0B1g +   1B1u +   0B2g +   0B3g +   0Au  )
 NUMBER OF VALENCE ORBITALS:        8   (   2Ag  +   1B3u +   1B2u +   0B1g +   2B1u +   1B2g +   1B3g +   0Au  )


 NUCLEAR REPULSION ENERGY    5.23073530


 Eigenvalues of metric

         1 0.145E+00 0.265E+00 0.919E+00 0.137E+01 0.361E+01
         2 0.418E+00 0.255E+01
         3 0.418E+00 0.255E+01
         5 0.349E-02 0.143E+00 0.252E+00 0.948E+00 0.235E+01
         6 0.164E+00 0.871E+00
         7 0.164E+00 0.871E+00


 Contracted 2-electron integrals neglected if value below      1.0D-11
 AO integral compression algorithm  1   Integral accuracy      1.0D-11

     0.262 MB (compressed) written to integral file (100.0%)


 NUMBER OF SORTED TWO-ELECTRON INTEGRALS:       2829.     BUFFER LENGTH:  32768
 NUMBER OF SEGMENTS:   1  SEGMENT LENGTH:       2829      RECORD LENGTH: 524288

 Memory used in sort:       0.56 MW

 SORT1 READ        8184. AND WROTE        2829. INTEGRALS IN      1 RECORDS. CPU TIME:     0.00 SEC, REAL TIME:     0.00 SEC
 SORT2 READ        2829. AND WROTE        2829. INTEGRALS IN      1 RECORDS. CPU TIME:     0.01 SEC, REAL TIME:     0.00 SEC

 FILE SIZES:   FILE 1:     7.8 MBYTE,  FILE 4:     4.2 MBYTE,   TOTAL:     12.0 MBYTE

 OPERATOR DM      FOR CENTER  0  COORDINATES:    0.000000    0.000000    0.000000
1PROGRAM * RHF-SCF (CLOSED SHELL)       Authors: W. Meyer, H.-J. Werner


 NUMBER OF ELECTRONS:       4+    4-
 CONVERGENCE THRESHOLDS:    1.00E-06 (Density)    1.00E-08 (Energy)
 MAX. NUMBER OF ITERATIONS:       60
 INTERPOLATION TYPE:            DIIS
 INTERPOLATION STEPS:              2 (START)      1 (STEP)
 LEVEL SHIFTS:                  0.00 (CLOSED)  0.00 (OPEN) 

 Number of closed-shell orbitals:    4 (   2   1   0   0   1   0   0 )


 Molecular orbitals read from record     2100.2  Type=RHF/CANONICAL (state 1.1)

 Molecular orbital dump at record        2100.2

 ITERATION    DDIFF          GRAD             ENERGY        2-EL.EN.            DIPOLE MOMENTS         DIIS   ORB.
    1      0.000D+00      0.000D+00       -28.99720468     28.802437    0.00000    0.00000    0.00000    0    start
    2      0.000D+00      0.680D-02       -28.99863622     28.569387    0.00000    0.00000    0.00000    1    diag
    3      0.136D-01      0.107D-02       -28.99868347     28.554430    0.00000    0.00000    0.00000    2    diag
    4      0.259D-02      0.321D-03       -28.99868945     28.553293    0.00000    0.00000    0.00000    3    diag
    5      0.110D-02      0.732D-04       -28.99868976     28.553657    0.00000    0.00000    0.00000    4    diag
    6      0.211D-03      0.114D-04       -28.99868977     28.553716    0.00000    0.00000    0.00000    5    diag
    7      0.270D-04      0.788D-06       -28.99868977     28.553719    0.00000    0.00000    0.00000    6    diag
    8      0.189D-05      0.873D-07       -28.99868977     28.553720    0.00000    0.00000    0.00000    7    orth
    9      0.230D-06      0.113D-08       -28.99868977     28.553720    0.00000    0.00000    0.00000    0    orth

 Final occupancy:   2   1   0   0   1   0   0

 !RHF STATE 1.1 Energy                -28.998689770168
 Nuclear energy                         5.23073530
 One-electron energy                  -48.50628497
 Two-electron energy                   14.27685989
 Virial quotient                       -0.98738754
 !RHF STATE 1.1 Dipole moment           0.00000000     0.00000000     0.00000000
 Dipole moment /Debye                   0.00000000     0.00000000     0.00000000

 Orbital energies:

         1.1          2.1          3.1          4.1
     -4.696903    -0.396852     0.078296     0.369787

         1.2          2.2
     -0.189456     0.416308

         1.3          2.3
      0.044736     0.419175

         1.5          2.5          3.5
     -4.693072     0.003586     0.283408

         1.6          2.6
      0.169788     0.548045

         1.7          2.7
      0.176969     0.547353

 HOMO      1.2    -0.189456 =      -5.1554eV
 LUMO      2.5     0.003586 =       0.0976eV
 LUMO-HOMO         0.193042 =       5.2529eV


 **********************************************************************************************************************************
 DATASETS  * FILE   NREC   LENGTH (MB)   RECORD NAMES
              1      19        7.54       500      610      700      900      950      970     1000      129      960     1100   
                                          VAR    BASINP    GEOM    SYMINP    ZMAT    AOBASIS   BASIS     P2S    ABASIS      S 
                                         1400     1410     1200     1210     1080     1600     1650     1300     1700   
                                           T        V       H0       H01     AOSYM     SMH    MOLCAS    ERIS     OPER   

              2       4        0.29       700     1000      520     2100   
                                         GEOM     BASIS   MCVARS     RHF  

 PROGRAMS   *        TOTAL        HF        HF       INT
 CPU TIMES  *         0.38      0.03      0.01      0.01
 REAL TIME  *         0.48 SEC
 DISK USED  *        12.34 MB      
 **********************************************************************************************************************************

 PROGRESS OF GEOMETRY OPTIMIZATION.    TOTAL CPU:         0.3 SEC
   1   -27.98636593   -28.54124359    -0.55487766  1.88537123  1.88537123  1.88537123  0.44999982  0.44999982  0.44999982
   2   -28.54124359   -28.77681235    -0.23556876  0.83314897  0.83314897  0.83314897  0.35630959  0.35630959  0.35630959
   3   -28.77681235   -28.96105537    -0.18424302  0.50971861  0.50971861  0.50971861  0.56153551  0.56153551  0.56153551
   4   -28.96105537   -28.99868977    -0.03763440  0.17918503  0.17918503  0.17918503  0.30441311  0.30441311  0.30441311

 **********************************************************************************************************************************

 Current geometry (xyz format, in Angstrom)

    2
 HF-SCF000/$BSET  ENERGY=-28.99868977
 Be         0.0000000000        0.0000000000       -0.8093350986
 Be         0.0000000000        0.0000000000        0.8093350986

 **********************************************************************************************************************************

 Current variables
 R=                   3.05884337 BOHR

 **********************************************************************************************************************************
1PROGRAM * ALASKA (Gradient of the energy)     Author: R. Lindh

 Orbitals from record         2100.2

 Number of closed-shell orbitals:  4 (  2  1  0  0  1  0  0 )
 Number of occupied orbitals:      4 (  2  1  0  0  1  0  0 )

 Number of electrons=  8     Singlet     Space symmetry=1      Wavefunction type: CLOSED          


 SCF GRADIENT FOR STATE 1.1

 Atom          dE/dx               dE/dy               dE/dz

   1         0.000000000         0.000000000         0.075545917
   2         0.000000000         0.000000000        -0.075545917

 Nuclear force contribution to virial =        -0.231083128
 Reading points  1 to  5 from record 700.2,  wavefunction type=HF-SCF000       

 Making model hessian for Z-matrix coordinates
 BFGS update of hessian using  4 points

 Quadratic Steepest Descent - Minimum Search

 Optimization point 5

 Variable                      Last           Current        Next           Gradient       Hessian

 E(HF-SCF000) / Hartree    -28.96105537   -28.99868977     0.00000000
 R / BOHR                    2.75443026     3.05884337     3.28073998    -0.07554592     0.34045548
 Convergence:                0.00000000  (line search)     0.22189661     0.07554592  (total)

 Geometry written to block  6 of record 700


 Current variables in basis input:

 Set= 1  $BSET               =  6-31G

 Recomputing integrals since geometry changed

1PROGRAM * SEWARD (Integral evaluation for generally contracted gaussian basis sets)     Author: Roland Lindh, 1990

 Geometry written to block  6 of record 700

 Orientation using atomic masses  
 Molecule type: Linear
 Symmetry elements: X,Y,Z
 Rotational constants:      37.2110084     37.2110084      0.0000000 GHz  (calculated with average atomic masses)

 Point group  D2h 



 ATOMIC COORDINATES

 NR  ATOM    CHARGE       X              Y              Z

   1  BE      4.00    0.000000000    0.000000000   -1.640369991
   2  BE      4.00    0.000000000    0.000000000    1.640369991

 Bond lengths in Bohr (Angstrom)

 1-2  3.280739982
     ( 1.736092827)

 NUCLEAR CHARGE:                    8
 NUMBER OF PRIMITIVE AOS:          44
 NUMBER OF SYMMETRY AOS:           44
 NUMBER OF CONTRACTIONS:           18   (   5Ag  +   2B3u +   2B2u +   0B1g +   5B1u +   2B2g +   2B3g +   0Au  )
 NUMBER OF CORE ORBITALS:           2   (   1Ag  +   0B3u +   0B2u +   0B1g +   1B1u +   0B2g +   0B3g +   0Au  )
 NUMBER OF VALENCE ORBITALS:        8   (   2Ag  +   1B3u +   1B2u +   0B1g +   2B1u +   1B2g +   1B3g +   0Au  )


 NUCLEAR REPULSION ENERGY    4.87694852


 Eigenvalues of metric

         1 0.143E+00 0.276E+00 0.923E+00 0.142E+01 0.355E+01
         2 0.406E+00 0.247E+01
         3 0.406E+00 0.247E+01
         5 0.503E-02 0.189E+00 0.254E+00 0.947E+00 0.229E+01
         6 0.178E+00 0.941E+00
         7 0.178E+00 0.941E+00


 Contracted 2-electron integrals neglected if value below      1.0D-11
 AO integral compression algorithm  1   Integral accuracy      1.0D-11

     0.262 MB (compressed) written to integral file (100.0%)


 NUMBER OF SORTED TWO-ELECTRON INTEGRALS:       2829.     BUFFER LENGTH:  32768
 NUMBER OF SEGMENTS:   1  SEGMENT LENGTH:       2829      RECORD LENGTH: 524288

 Memory used in sort:       0.56 MW

 SORT1 READ        8184. AND WROTE        2829. INTEGRALS IN      1 RECORDS. CPU TIME:     0.00 SEC, REAL TIME:     0.01 SEC
 SORT2 READ        2829. AND WROTE        2829. INTEGRALS IN      1 RECORDS. CPU TIME:     0.01 SEC, REAL TIME:     0.00 SEC

 FILE SIZES:   FILE 1:     7.8 MBYTE,  FILE 4:     4.2 MBYTE,   TOTAL:     12.0 MBYTE

 OPERATOR DM      FOR CENTER  0  COORDINATES:    0.000000    0.000000    0.000000
1PROGRAM * RHF-SCF (CLOSED SHELL)       Authors: W. Meyer, H.-J. Werner


 NUMBER OF ELECTRONS:       4+    4-
 CONVERGENCE THRESHOLDS:    1.00E-06 (Density)    1.00E-08 (Energy)
 MAX. NUMBER OF ITERATIONS:       60
 INTERPOLATION TYPE:            DIIS
 INTERPOLATION STEPS:              2 (START)      1 (STEP)
 LEVEL SHIFTS:                  0.00 (CLOSED)  0.00 (OPEN) 

 Number of closed-shell orbitals:    4 (   2   1   0   0   1   0   0 )


 Molecular orbitals read from record     2100.2  Type=RHF/CANONICAL (state 1.1)

 Molecular orbital dump at record        2100.2

 ITERATION    DDIFF          GRAD             ENERGY        2-EL.EN.            DIPOLE MOMENTS         DIIS   ORB.
    1      0.000D+00      0.000D+00       -29.00883676     28.031374    0.00000    0.00000    0.00000    0    start
    2      0.000D+00      0.435D-02       -29.00947107     27.875417    0.00000    0.00000    0.00000    1    diag
    3      0.918D-02      0.641D-03       -29.00948334     27.863511    0.00000    0.00000    0.00000    2    diag
    4      0.127D-02      0.147D-03       -29.00948413     27.862465    0.00000    0.00000    0.00000    3    diag
    5      0.443D-03      0.194D-04       -29.00948414     27.862482    0.00000    0.00000    0.00000    4    diag
    6      0.705D-04      0.307D-05       -29.00948415     27.862488    0.00000    0.00000    0.00000    5    diag
    7      0.772D-05      0.527D-06       -29.00948415     27.862490    0.00000    0.00000    0.00000    6    diag
    8      0.137D-05      0.541D-07       -29.00948415     27.862490    0.00000    0.00000    0.00000    7    orth
    9      0.137D-06      0.645D-09       -29.00948415     27.862490    0.00000    0.00000    0.00000    0    orth

 Final occupancy:   2   1   0   0   1   0   0

 !RHF STATE 1.1 Energy                -29.009484145196
 Nuclear energy                         4.87694852
 One-electron energy                  -47.81767788
 Two-electron energy                   13.93124522
 Virial quotient                       -0.99273244
 !RHF STATE 1.1 Dipole moment           0.00000000     0.00000000     0.00000000
 Dipole moment /Debye                   0.00000000     0.00000000     0.00000000

 Orbital energies:

         1.1          2.1          3.1          4.1
     -4.703855    -0.390809     0.073312     0.377239

         1.2          2.2
     -0.181121     0.426765

         1.3          2.3
      0.047273     0.428687

         1.5          2.5          3.5
     -4.701810    -0.003467     0.279046

         1.6          2.6
      0.160371     0.531638

         1.7          2.7
      0.170130     0.530516

 HOMO      1.2    -0.181121 =      -4.9285eV
 LUMO      2.5    -0.003467 =      -0.0943eV
 LUMO-HOMO         0.177654 =       4.8342eV


 **********************************************************************************************************************************
 DATASETS  * FILE   NREC   LENGTH (MB)   RECORD NAMES
              1      19        7.54       500      610      700      900      950      970     1000      129      960     1100   
                                          VAR    BASINP    GEOM    SYMINP    ZMAT    AOBASIS   BASIS     P2S    ABASIS      S 
                                         1400     1410     1200     1210     1080     1600     1650     1300     1700   
                                           T        V       H0       H01     AOSYM     SMH    MOLCAS    ERIS     OPER   

              2       4        0.29       700     1000      520     2100   
                                         GEOM     BASIS   MCVARS     RHF  

 PROGRAMS   *        TOTAL        HF        HF       INT
 CPU TIMES  *         0.44      0.03      0.01      0.01
 REAL TIME  *         0.56 SEC
 DISK USED  *        12.34 MB      
 **********************************************************************************************************************************

 PROGRESS OF GEOMETRY OPTIMIZATION.    TOTAL CPU:         0.3 SEC
   1   -27.98636593   -28.54124359    -0.55487766  1.88537123  1.88537123  1.88537123  0.44999982  0.44999982  0.44999982
   2   -28.54124359   -28.77681235    -0.23556876  0.83314897  0.83314897  0.83314897  0.35630959  0.35630959  0.35630959
   3   -28.77681235   -28.96105537    -0.18424302  0.50971861  0.50971861  0.50971861  0.56153551  0.56153551  0.56153551
   4   -28.96105537   -28.99868977    -0.03763440  0.17918503  0.17918503  0.17918503  0.30441311  0.30441311  0.30441311
   5   -28.99868977   -29.00948415    -0.01079438  0.07554592  0.07554592  0.07554592  0.22189661  0.22189661  0.22189661

 **********************************************************************************************************************************

 Current geometry (xyz format, in Angstrom)

    2
 HF-SCF000/$BSET  ENERGY=-29.00948415
 Be         0.0000000000        0.0000000000       -0.8680464136
 Be         0.0000000000        0.0000000000        0.8680464136

 **********************************************************************************************************************************

 Current variables
 R=                   3.28073998 BOHR

 **********************************************************************************************************************************
1PROGRAM * ALASKA (Gradient of the energy)     Author: R. Lindh

 Orbitals from record         2100.2

 Number of closed-shell orbitals:  4 (  2  1  0  0  1  0  0 )
 Number of occupied orbitals:      4 (  2  1  0  0  1  0  0 )

 Number of electrons=  8     Singlet     Space symmetry=1      Wavefunction type: CLOSED          


 SCF GRADIENT FOR STATE 1.1

 Atom          dE/dx               dE/dy               dE/dz

   1         0.000000000         0.000000000         0.024666431
   2         0.000000000         0.000000000        -0.024666431

 Nuclear force contribution to virial =        -0.080924145
 Reading points  1 to  6 from record 700.2,  wavefunction type=HF-SCF000       

 Making model hessian for Z-matrix coordinates
 BFGS update of hessian using  5 points

 Quadratic Steepest Descent - Minimum Search

 Optimization point 6

 Variable                      Last           Current        Next           Gradient       Hessian

 E(HF-SCF000) / Hartree    -28.99868977   -29.00948415     0.00000000
 R / BOHR                    3.05884337     3.28073998     3.38831570    -0.02466643     0.22929366
 Convergence:                0.00000000  (line search)     0.10757572     0.02466643  (total)

 Geometry written to block  7 of record 700


 Current variables in basis input:

 Set= 1  $BSET               =  6-31G

 Recomputing integrals since geometry changed

1PROGRAM * SEWARD (Integral evaluation for generally contracted gaussian basis sets)     Author: Roland Lindh, 1990

 Geometry written to block  7 of record 700

 Orientation using atomic masses  
 Molecule type: Linear
 Symmetry elements: X,Y,Z
 Rotational constants:      34.8856906     34.8856906      0.0000000 GHz  (calculated with average atomic masses)

 Point group  D2h 



 ATOMIC COORDINATES

 NR  ATOM    CHARGE       X              Y              Z

   1  BE      4.00    0.000000000    0.000000000   -1.694157851
   2  BE      4.00    0.000000000    0.000000000    1.694157851

 Bond lengths in Bohr (Angstrom)

 1-2  3.388315702
     ( 1.793019446)

 NUCLEAR CHARGE:                    8
 NUMBER OF PRIMITIVE AOS:          44
 NUMBER OF SYMMETRY AOS:           44
 NUMBER OF CONTRACTIONS:           18   (   5Ag  +   2B3u +   2B2u +   0B1g +   5B1u +   2B2g +   2B3g +   0Au  )
 NUMBER OF CORE ORBITALS:           2   (   1Ag  +   0B3u +   0B2u +   0B1g +   1B1u +   0B2g +   0B3g +   0Au  )
 NUMBER OF VALENCE ORBITALS:        8   (   2Ag  +   1B3u +   1B2u +   0B1g +   2B1u +   1B2g +   1B3g +   0Au  )


 NUCLEAR REPULSION ENERGY    4.72211016


 Eigenvalues of metric

         1 0.142E+00 0.280E+00 0.925E+00 0.145E+01 0.352E+01
         2 0.401E+00 0.244E+01
         3 0.401E+00 0.244E+01
         5 0.592E-02 0.207E+00 0.262E+00 0.947E+00 0.226E+01
         6 0.185E+00 0.973E+00
         7 0.185E+00 0.973E+00


 Contracted 2-electron integrals neglected if value below      1.0D-11
 AO integral compression algorithm  1   Integral accuracy      1.0D-11

     0.262 MB (compressed) written to integral file (100.0%)


 NUMBER OF SORTED TWO-ELECTRON INTEGRALS:       2829.     BUFFER LENGTH:  32768
 NUMBER OF SEGMENTS:   1  SEGMENT LENGTH:       2829      RECORD LENGTH: 524288

 Memory used in sort:       0.56 MW

 SORT1 READ        8184. AND WROTE        2829. INTEGRALS IN      1 RECORDS. CPU TIME:     0.00 SEC, REAL TIME:     0.00 SEC
 SORT2 READ        2829. AND WROTE        2829. INTEGRALS IN      1 RECORDS. CPU TIME:     0.01 SEC, REAL TIME:     0.01 SEC

 FILE SIZES:   FILE 1:     7.8 MBYTE,  FILE 4:     4.2 MBYTE,   TOTAL:     12.0 MBYTE

 OPERATOR DM      FOR CENTER  0  COORDINATES:    0.000000    0.000000    0.000000
1PROGRAM * RHF-SCF (CLOSED SHELL)       Authors: W. Meyer, H.-J. Werner


 NUMBER OF ELECTRONS:       4+    4-
 CONVERGENCE THRESHOLDS:    1.00E-06 (Density)    1.00E-08 (Energy)
 MAX. NUMBER OF ITERATIONS:       60
 INTERPOLATION TYPE:            DIIS
 INTERPOLATION STEPS:              2 (START)      1 (STEP)
 LEVEL SHIFTS:                  0.00 (CLOSED)  0.00 (OPEN) 

 Number of closed-shell orbitals:    4 (   2   1   0   0   1   0   0 )


 Molecular orbitals read from record     2100.2  Type=RHF/CANONICAL (state 1.1)

 Molecular orbital dump at record        2100.2

 ITERATION    DDIFF          GRAD             ENERGY        2-EL.EN.            DIPOLE MOMENTS         DIIS   ORB.
    1      0.000D+00      0.000D+00       -29.01095318     27.623867    0.00000    0.00000    0.00000    0    start
    2      0.000D+00      0.197D-02       -29.01108782     27.552951    0.00000    0.00000    0.00000    1    diag
    3      0.426D-02      0.296D-03       -29.01109017     27.547089    0.00000    0.00000    0.00000    2    diag
    4      0.499D-03      0.649D-04       -29.01109029     27.546581    0.00000    0.00000    0.00000    3    diag
    5      0.156D-03      0.686D-05       -29.01109030     27.546566    0.00000    0.00000    0.00000    4    diag
    6      0.215D-04      0.677D-06       -29.01109030     27.546563    0.00000    0.00000    0.00000    5    diag
    7      0.136D-05      0.186D-06       -29.01109030     27.546562    0.00000    0.00000    0.00000    6    diag
    8      0.539D-06      0.223D-07       -29.01109030     27.546562    0.00000    0.00000    0.00000    0    orth

 Final occupancy:   2   1   0   0   1   0   0

 !RHF STATE 1.1 Energy                -29.011090295931
 Nuclear energy                         4.72211016
 One-electron energy                  -47.50648131
 Two-electron energy                   13.77328085
 Virial quotient                       -0.99490070
 !RHF STATE 1.1 Dipole moment           0.00000000     0.00000000     0.00000000
 Dipole moment /Debye                   0.00000000     0.00000000     0.00000000

 Orbital energies:

         1.1          2.1          3.1          4.1
     -4.708194    -0.387433     0.071234     0.381228

         1.2          2.2
     -0.177661     0.430965

         1.3          2.3
      0.048228     0.432454

         1.5          2.5          3.5
     -4.706671    -0.006937     0.276724

         1.6          2.6
      0.155813     0.524454

         1.7          2.7
      0.166836     0.523138

 HOMO      1.2    -0.177661 =      -4.8344eV
 LUMO      2.5    -0.006937 =      -0.1888eV
 LUMO-HOMO         0.170724 =       4.6456eV


 **********************************************************************************************************************************
 DATASETS  * FILE   NREC   LENGTH (MB)   RECORD NAMES
              1      19        7.54       500      610      700      900      950      970     1000      129      960     1100   
                                          VAR    BASINP    GEOM    SYMINP    ZMAT    AOBASIS   BASIS     P2S    ABASIS      S 
                                         1400     1410     1200     1210     1080     1600     1650     1300     1700   
                                           T        V       H0       H01     AOSYM     SMH    MOLCAS    ERIS     OPER   

              2       4        0.29       700     1000      520     2100   
                                         GEOM     BASIS   MCVARS     RHF  

 PROGRAMS   *        TOTAL        HF        HF       INT
 CPU TIMES  *         0.50      0.02      0.01      0.01
 REAL TIME  *         0.64 SEC
 DISK USED  *        12.34 MB      
 **********************************************************************************************************************************

 PROGRESS OF GEOMETRY OPTIMIZATION.    TOTAL CPU:         0.4 SEC
   1   -27.98636593   -28.54124359    -0.55487766  1.88537123  1.88537123  1.88537123  0.44999982  0.44999982  0.44999982
   2   -28.54124359   -28.77681235    -0.23556876  0.83314897  0.83314897  0.83314897  0.35630959  0.35630959  0.35630959
   3   -28.77681235   -28.96105537    -0.18424302  0.50971861  0.50971861  0.50971861  0.56153551  0.56153551  0.56153551
   4   -28.96105537   -28.99868977    -0.03763440  0.17918503  0.17918503  0.17918503  0.30441311  0.30441311  0.30441311
   5   -28.99868977   -29.00948415    -0.01079438  0.07554592  0.07554592  0.07554592  0.22189661  0.22189661  0.22189661
   6   -29.00948415   -29.01109030    -0.00160615  0.02466643  0.02466643  0.02466643  0.10757572  0.10757572  0.10757572

 **********************************************************************************************************************************

 Current geometry (xyz format, in Angstrom)

    2
 HF-SCF000/$BSET  ENERGY=-29.01109030
 Be         0.0000000000        0.0000000000       -0.8965097232
 Be         0.0000000000        0.0000000000        0.8965097232

 **********************************************************************************************************************************

 Current variables
 R=                   3.38831570 BOHR

 **********************************************************************************************************************************
1PROGRAM * ALASKA (Gradient of the energy)     Author: R. Lindh

 Orbitals from record         2100.2

 Number of closed-shell orbitals:  4 (  2  1  0  0  1  0  0 )
 Number of occupied orbitals:      4 (  2  1  0  0  1  0  0 )

 Number of electrons=  8     Singlet     Space symmetry=1      Wavefunction type: CLOSED          


 SCF GRADIENT FOR STATE 1.1

 Atom          dE/dx               dE/dy               dE/dz

   1         0.000000000         0.000000000         0.005745910
   2         0.000000000         0.000000000        -0.005745910

 Nuclear force contribution to virial =        -0.019468957
 Reading points  1 to  7 from record 700.2,  wavefunction type=HF-SCF000       

 Making model hessian for Z-matrix coordinates
 BFGS update of hessian using  5 points

 Quadratic Steepest Descent - Minimum Search

 Optimization point 7

 Variable                      Last           Current        Next           Gradient       Hessian

 E(HF-SCF000) / Hartree    -29.00948415   -29.01109030     0.00000000
 R / BOHR                    3.28073998     3.38831570     3.42098502    -0.00574591     0.17588096
 Convergence:                0.00000000  (line search)     0.03266931     0.00574591  (total)

 Geometry written to block  8 of record 700


 Current variables in basis input:

 Set= 1  $BSET               =  6-31G

 Recomputing integrals since geometry changed

1PROGRAM * SEWARD (Integral evaluation for generally contracted gaussian basis sets)     Author: Roland Lindh, 1990

 Geometry written to block  8 of record 700

 Orientation using atomic masses  
 Molecule type: Linear
 Symmetry elements: X,Y,Z
 Rotational constants:      34.2225777     34.2225777      0.0000000 GHz  (calculated with average atomic masses)

 Point group  D2h 



 ATOMIC COORDINATES

 NR  ATOM    CHARGE       X              Y              Z

   1  BE      4.00    0.000000000    0.000000000   -1.710492508
   2  BE      4.00    0.000000000    0.000000000    1.710492508

 Bond lengths in Bohr (Angstrom)

 1-2  3.420985015
     ( 1.810307302)

 NUCLEAR CHARGE:                    8
 NUMBER OF PRIMITIVE AOS:          44
 NUMBER OF SYMMETRY AOS:           44
 NUMBER OF CONTRACTIONS:           18   (   5Ag  +   2B3u +   2B2u +   0B1g +   5B1u +   2B2g +   2B3g +   0Au  )
 NUMBER OF CORE ORBITALS:           2   (   1Ag  +   0B3u +   0B2u +   0B1g +   1B1u +   0B2g +   0B3g +   0Au  )
 NUMBER OF VALENCE ORBITALS:        8   (   2Ag  +   1B3u +   1B2u +   0B1g +   2B1u +   1B2g +   1B3g +   0Au  )


 NUCLEAR REPULSION ENERGY    4.67701552


 Eigenvalues of metric

         1 0.142E+00 0.281E+00 0.925E+00 0.145E+01 0.351E+01
         2 0.400E+00 0.243E+01
         3 0.400E+00 0.243E+01
         5 0.621E-02 0.212E+00 0.266E+00 0.948E+00 0.225E+01
         6 0.186E+00 0.983E+00
         7 0.186E+00 0.983E+00


 Contracted 2-electron integrals neglected if value below      1.0D-11
 AO integral compression algorithm  1   Integral accuracy      1.0D-11

     0.262 MB (compressed) written to integral file (100.0%)


 NUMBER OF SORTED TWO-ELECTRON INTEGRALS:       2829.     BUFFER LENGTH:  32768
 NUMBER OF SEGMENTS:   1  SEGMENT LENGTH:       2829      RECORD LENGTH: 524288

 Memory used in sort:       0.56 MW

 SORT1 READ        8184. AND WROTE        2829. INTEGRALS IN      1 RECORDS. CPU TIME:     0.00 SEC, REAL TIME:     0.00 SEC
 SORT2 READ        2829. AND WROTE        2829. INTEGRALS IN      1 RECORDS. CPU TIME:     0.01 SEC, REAL TIME:     0.00 SEC

 FILE SIZES:   FILE 1:     7.8 MBYTE,  FILE 4:     4.2 MBYTE,   TOTAL:     12.0 MBYTE

 OPERATOR DM      FOR CENTER  0  COORDINATES:    0.000000    0.000000    0.000000
1PROGRAM * RHF-SCF (CLOSED SHELL)       Authors: W. Meyer, H.-J. Werner


 NUMBER OF ELECTRONS:       4+    4-
 CONVERGENCE THRESHOLDS:    1.00E-06 (Density)    1.00E-08 (Energy)
 MAX. NUMBER OF ITERATIONS:       60
 INTERPOLATION TYPE:            DIIS
 INTERPOLATION STEPS:              2 (START)      1 (STEP)
 LEVEL SHIFTS:                  0.00 (CLOSED)  0.00 (OPEN) 

 Number of closed-shell orbitals:    4 (   2   1   0   0   1   0   0 )


 Molecular orbitals read from record     2100.2  Type=RHF/CANONICAL (state 1.1)

 Molecular orbital dump at record        2100.2

 ITERATION    DDIFF          GRAD             ENERGY        2-EL.EN.            DIPOLE MOMENTS         DIIS   ORB.
    1      0.000D+00      0.000D+00       -29.01118156     27.476014    0.00000    0.00000    0.00000    0    start
    2      0.000D+00      0.583D-03       -29.01119347     27.455042    0.00000    0.00000    0.00000    1    diag
    3      0.127D-02      0.889D-04       -29.01119368     27.453266    0.00000    0.00000    0.00000    2    diag
    4      0.140D-03      0.197D-04       -29.01119369     27.453112    0.00000    0.00000    0.00000    3    diag
    5      0.425D-04      0.232D-05       -29.01119369     27.453106    0.00000    0.00000    0.00000    4    diag
    6      0.610D-05      0.353D-06       -29.01119369     27.453105    0.00000    0.00000    0.00000    5    diag
    7      0.886D-06      0.689D-07       -29.01119369     27.453105    0.00000    0.00000    0.00000    0    orth

 Final occupancy:   2   1   0   0   1   0   0

 !RHF STATE 1.1 Energy                -29.011193688778
 Nuclear energy                         4.67701552
 One-electron energy                  -47.41476151
 Two-electron energy                   13.72655231
 Virial quotient                       -0.99550859
 !RHF STATE 1.1 Dipole moment           0.00000000     0.00000000     0.00000000
 Dipole moment /Debye                   0.00000000     0.00000000     0.00000000

 Orbital energies:

         1.1          2.1          3.1          4.1
     -4.709592    -0.386367     0.070638     0.382478

         1.2          2.2
     -0.176673     0.432132

         1.3          2.3
      0.048489     0.433495

         1.5          2.5          3.5
     -4.708197    -0.007995     0.275990

         1.6          2.6
      0.154431     0.522369

         1.7          2.7
      0.165840     0.520996

 HOMO      1.2    -0.176673 =      -4.8075eV
 LUMO      2.5    -0.007995 =      -0.2175eV
 LUMO-HOMO         0.168678 =       4.5900eV


 **********************************************************************************************************************************
 DATASETS  * FILE   NREC   LENGTH (MB)   RECORD NAMES
              1      19        7.54       500      610      700      900      950      970     1000      129      960     1100   
                                          VAR    BASINP    GEOM    SYMINP    ZMAT    AOBASIS   BASIS     P2S    ABASIS      S 
                                         1400     1410     1200     1210     1080     1600     1650     1300     1700   
                                           T        V       H0       H01     AOSYM     SMH    MOLCAS    ERIS     OPER   

              2       4        0.29       700     1000      520     2100   
                                         GEOM     BASIS   MCVARS     RHF  

 PROGRAMS   *        TOTAL        HF        HF       INT
 CPU TIMES  *         0.56      0.02      0.01      0.01
 REAL TIME  *         0.71 SEC
 DISK USED  *        12.34 MB      
 **********************************************************************************************************************************

 PROGRESS OF GEOMETRY OPTIMIZATION.    TOTAL CPU:         0.5 SEC
   1   -27.98636593   -28.54124359    -0.55487766  1.88537123  1.88537123  1.88537123  0.44999982  0.44999982  0.44999982
   2   -28.54124359   -28.77681235    -0.23556876  0.83314897  0.83314897  0.83314897  0.35630959  0.35630959  0.35630959
   3   -28.77681235   -28.96105537    -0.18424302  0.50971861  0.50971861  0.50971861  0.56153551  0.56153551  0.56153551
   4   -28.96105537   -28.99868977    -0.03763440  0.17918503  0.17918503  0.17918503  0.30441311  0.30441311  0.30441311
   5   -28.99868977   -29.00948415    -0.01079438  0.07554592  0.07554592  0.07554592  0.22189661  0.22189661  0.22189661
   6   -29.00948415   -29.01109030    -0.00160615  0.02466643  0.02466643  0.02466643  0.10757572  0.10757572  0.10757572
   7   -29.01109030   -29.01119369    -0.00010339  0.00574591  0.00574591  0.00574591  0.03266931  0.03266931  0.03266931

 **********************************************************************************************************************************

 Current geometry (xyz format, in Angstrom)

    2
 HF-SCF000/$BSET  ENERGY=-29.01119369
 Be         0.0000000000        0.0000000000       -0.9051536512
 Be         0.0000000000        0.0000000000        0.9051536512

 **********************************************************************************************************************************

 Current variables
 R=                   3.42098502 BOHR

 **********************************************************************************************************************************
1PROGRAM * ALASKA (Gradient of the energy)     Author: R. Lindh

 Orbitals from record         2100.2

 Number of closed-shell orbitals:  4 (  2  1  0  0  1  0  0 )
 Number of occupied orbitals:      4 (  2  1  0  0  1  0  0 )

 Number of electrons=  8     Singlet     Space symmetry=1      Wavefunction type: CLOSED          


 SCF GRADIENT FOR STATE 1.1

 Atom          dE/dx               dE/dy               dE/dz

   1         0.000000000         0.000000000         0.000629927
   2         0.000000000         0.000000000        -0.000629927

 Nuclear force contribution to virial =        -0.002154969
 Reading points  1 to  8 from record 700.2,  wavefunction type=HF-SCF000       

 Making model hessian for Z-matrix coordinates
 BFGS update of hessian using  5 points

 Quadratic Steepest Descent - Minimum Search

 Optimization point 8

 Variable                      Last           Current        Next           Gradient       Hessian

 E(HF-SCF000) / Hartree    -29.01109030   -29.01119369     0.00000000
 R / BOHR                    3.38831570     3.42098502     3.42500756    -0.00062993     0.15659905
 Convergence:                0.00000000  (line search)     0.00402254     0.00062993  (total)

 Geometry written to block  9 of record 700


 Current variables in basis input:

 Set= 1  $BSET               =  6-31G

 Recomputing integrals since geometry changed

1PROGRAM * SEWARD (Integral evaluation for generally contracted gaussian basis sets)     Author: Roland Lindh, 1990

 Geometry written to block  9 of record 700

 Orientation using atomic masses  
 Molecule type: Linear
 Symmetry elements: X,Y,Z
 Rotational constants:      34.1422386     34.1422386      0.0000000 GHz  (calculated with average atomic masses)

 Point group  D2h 



 ATOMIC COORDINATES

 NR  ATOM    CHARGE       X              Y              Z

   1  BE      4.00    0.000000000    0.000000000   -1.712503780
   2  BE      4.00    0.000000000    0.000000000    1.712503780

 Bond lengths in Bohr (Angstrom)

 1-2  3.425007559
     ( 1.812435941)

 NUCLEAR CHARGE:                    8
 NUMBER OF PRIMITIVE AOS:          44
 NUMBER OF SYMMETRY AOS:           44
 NUMBER OF CONTRACTIONS:           18   (   5Ag  +   2B3u +   2B2u +   0B1g +   5B1u +   2B2g +   2B3g +   0Au  )
 NUMBER OF CORE ORBITALS:           2   (   1Ag  +   0B3u +   0B2u +   0B1g +   1B1u +   0B2g +   0B3g +   0Au  )
 NUMBER OF VALENCE ORBITALS:        8   (   2Ag  +   1B3u +   1B2u +   0B1g +   2B1u +   1B2g +   1B3g +   0Au  )


 NUCLEAR REPULSION ENERGY    4.67152254


 Eigenvalues of metric

         1 0.142E+00 0.281E+00 0.925E+00 0.146E+01 0.351E+01
         2 0.400E+00 0.243E+01
         3 0.400E+00 0.243E+01
         5 0.625E-02 0.212E+00 0.267E+00 0.948E+00 0.225E+01
         6 0.187E+00 0.984E+00
         7 0.187E+00 0.984E+00


 Contracted 2-electron integrals neglected if value below      1.0D-11
 AO integral compression algorithm  1   Integral accuracy      1.0D-11

     0.262 MB (compressed) written to integral file (100.0%)


 NUMBER OF SORTED TWO-ELECTRON INTEGRALS:       2829.     BUFFER LENGTH:  32768
 NUMBER OF SEGMENTS:   1  SEGMENT LENGTH:       2829      RECORD LENGTH: 524288

 Memory used in sort:       0.56 MW

 SORT1 READ        8184. AND WROTE        2829. INTEGRALS IN      1 RECORDS. CPU TIME:     0.00 SEC, REAL TIME:     0.01 SEC
 SORT2 READ        2829. AND WROTE        2829. INTEGRALS IN      1 RECORDS. CPU TIME:     0.00 SEC, REAL TIME:     0.00 SEC

 FILE SIZES:   FILE 1:     7.8 MBYTE,  FILE 4:     4.2 MBYTE,   TOTAL:     12.0 MBYTE

 OPERATOR DM      FOR CENTER  0  COORDINATES:    0.000000    0.000000    0.000000
1PROGRAM * RHF-SCF (CLOSED SHELL)       Authors: W. Meyer, H.-J. Werner


 NUMBER OF ELECTRONS:       4+    4-
 CONVERGENCE THRESHOLDS:    1.00E-07 (Density)    1.00E-08 (Energy)
 MAX. NUMBER OF ITERATIONS:       60
 INTERPOLATION TYPE:            DIIS
 INTERPOLATION STEPS:              2 (START)      1 (STEP)
 LEVEL SHIFTS:                  0.00 (CLOSED)  0.00 (OPEN) 

 Number of closed-shell orbitals:    4 (   2   1   0   0   1   0   0 )


 Molecular orbitals read from record     2100.2  Type=RHF/CANONICAL (state 1.1)

 Molecular orbital dump at record        2100.2

 ITERATION    DDIFF          GRAD             ENERGY        2-EL.EN.            DIPOLE MOMENTS         DIIS   ORB.
    1      0.000D+00      0.000D+00       -29.01119481     27.444482    0.00000    0.00000    0.00000    0    start
    2      0.000D+00      0.713D-04       -29.01119499     27.441915    0.00000    0.00000    0.00000    1    diag
    3      0.155D-03      0.109D-04       -29.01119499     27.441697    0.00000    0.00000    0.00000    2    diag
    4      0.169D-04      0.243D-05       -29.01119499     27.441678    0.00000    0.00000    0.00000    3    diag
    5      0.509D-05      0.297D-06       -29.01119499     27.441677    0.00000    0.00000    0.00000    4    diag
    6      0.751D-06      0.476D-07       -29.01119499     27.441677    0.00000    0.00000    0.00000    5    diag
    7      0.126D-06      0.835D-08       -29.01119499     27.441677    0.00000    0.00000    0.00000    6    diag
    8      0.289D-07      0.750D-09       -29.01119499     27.441677    0.00000    0.00000    0.00000    0    orth

 Final occupancy:   2   1   0   0   1   0   0

 !RHF STATE 1.1 Energy                -29.011194992533
 Nuclear energy                         4.67152254
 One-electron energy                  -47.40355603
 Two-electron energy                   13.72083850
 Virial quotient                       -0.99558186
 !RHF STATE 1.1 Dipole moment           0.00000000     0.00000000     0.00000000
 Dipole moment /Debye                   0.00000000     0.00000000     0.00000000

 Orbital energies:

         1.1          2.1          3.1          4.1
     -4.709766    -0.386234     0.070566     0.382633

         1.2          2.2
     -0.176553     0.432272

         1.3          2.3
      0.048520     0.433619

         1.5          2.5          3.5
     -4.708386    -0.008125     0.275899

         1.6          2.6
      0.154261     0.522115

         1.7          2.7
      0.165717     0.520736

 HOMO      1.2    -0.176553 =      -4.8043eV
 LUMO      2.5    -0.008125 =      -0.2211eV
 LUMO-HOMO         0.168428 =       4.5832eV


 **********************************************************************************************************************************
 DATASETS  * FILE   NREC   LENGTH (MB)   RECORD NAMES
              1      19        7.54       500      610      700      900      950      970     1000      129      960     1100   
                                          VAR    BASINP    GEOM    SYMINP    ZMAT    AOBASIS   BASIS     P2S    ABASIS      S 
                                         1400     1410     1200     1210     1080     1600     1650     1300     1700   
                                           T        V       H0       H01     AOSYM     SMH    MOLCAS    ERIS     OPER   

              2       4        0.29       700     1000      520     2100   
                                         GEOM     BASIS   MCVARS     RHF  

 PROGRAMS   *        TOTAL        HF        HF       INT
 CPU TIMES  *         0.62      0.02      0.01      0.01
 REAL TIME  *         0.79 SEC
 DISK USED  *        12.34 MB      
 **********************************************************************************************************************************

 PROGRESS OF GEOMETRY OPTIMIZATION.    TOTAL CPU:         0.5 SEC
   1   -27.98636593   -28.54124359    -0.55487766  1.88537123  1.88537123  1.88537123  0.44999982  0.44999982  0.44999982
   2   -28.54124359   -28.77681235    -0.23556876  0.83314897  0.83314897  0.83314897  0.35630959  0.35630959  0.35630959
   3   -28.77681235   -28.96105537    -0.18424302  0.50971861  0.50971861  0.50971861  0.56153551  0.56153551  0.56153551
   4   -28.96105537   -28.99868977    -0.03763440  0.17918503  0.17918503  0.17918503  0.30441311  0.30441311  0.30441311
   5   -28.99868977   -29.00948415    -0.01079438  0.07554592  0.07554592  0.07554592  0.22189661  0.22189661  0.22189661
   6   -29.00948415   -29.01109030    -0.00160615  0.02466643  0.02466643  0.02466643  0.10757572  0.10757572  0.10757572
   7   -29.01109030   -29.01119369    -0.00010339  0.00574591  0.00574591  0.00574591  0.03266931  0.03266931  0.03266931
   8   -29.01119369   -29.01119499    -0.00000130  0.00062993  0.00062993  0.00062993  0.00402254  0.00402254  0.00402254

 **********************************************************************************************************************************

 Current geometry (xyz format, in Angstrom)

    2
 HF-SCF000/$BSET  ENERGY=-29.01119499
 Be         0.0000000000        0.0000000000       -0.9062179706
 Be         0.0000000000        0.0000000000        0.9062179706

 **********************************************************************************************************************************

 Current variables
 R=                   3.42500756 BOHR

 **********************************************************************************************************************************
1PROGRAM * ALASKA (Gradient of the energy)     Author: R. Lindh

 Orbitals from record         2100.2

 Number of closed-shell orbitals:  4 (  2  1  0  0  1  0  0 )
 Number of occupied orbitals:      4 (  2  1  0  0  1  0  0 )

 Number of electrons=  8     Singlet     Space symmetry=1      Wavefunction type: CLOSED          


 SCF GRADIENT FOR STATE 1.1

 Atom          dE/dx               dE/dy               dE/dz

   1         0.000000000         0.000000000         0.000018979
   2         0.000000000         0.000000000        -0.000018979

 Nuclear force contribution to virial =        -0.000065003
 Reading points  1 to  9 from record 700.2,  wavefunction type=HF-SCF000       

 Making model hessian for Z-matrix coordinates
 BFGS update of hessian using  5 points

 Quadratic Steepest Descent - Minimum Search

 Optimization point 9

 Variable                      Last           Current        Next           Gradient       Hessian

 E(HF-SCF000) / Hartree    -29.01119369   -29.01119499     0.00000000
 R / BOHR                    3.42098502     3.42500756     3.42513252    -0.00001898     0.15188087
 Convergence:                0.00000000  (line search)     0.00012496     0.00001898  (total)

 Geometry written to block 10 of record 700


 Current variables in basis input:

 Set= 1  $BSET               =  6-31G

 Recomputing integrals since geometry changed

1PROGRAM * SEWARD (Integral evaluation for generally contracted gaussian basis sets)     Author: Roland Lindh, 1990

 Geometry written to block 10 of record 700

 Orientation using atomic masses  
 Molecule type: Linear
 Symmetry elements: X,Y,Z
 Rotational constants:      34.1397474     34.1397474      0.0000000 GHz  (calculated with average atomic masses)

 Point group  D2h 



 ATOMIC COORDINATES

 NR  ATOM    CHARGE       X              Y              Z

   1  BE      4.00    0.000000000    0.000000000   -1.712566260
   2  BE      4.00    0.000000000    0.000000000    1.712566260

 Bond lengths in Bohr (Angstrom)

 1-2  3.425132520
     ( 1.812502067)

 NUCLEAR CHARGE:                    8
 NUMBER OF PRIMITIVE AOS:          44
 NUMBER OF SYMMETRY AOS:           44
 NUMBER OF CONTRACTIONS:           18   (   5Ag  +   2B3u +   2B2u +   0B1g +   5B1u +   2B2g +   2B3g +   0Au  )
 NUMBER OF CORE ORBITALS:           2   (   1Ag  +   0B3u +   0B2u +   0B1g +   1B1u +   0B2g +   0B3g +   0Au  )
 NUMBER OF VALENCE ORBITALS:        8   (   2Ag  +   1B3u +   1B2u +   0B1g +   2B1u +   1B2g +   1B3g +   0Au  )


 NUCLEAR REPULSION ENERGY    4.67135210


 Eigenvalues of metric

         1 0.142E+00 0.281E+00 0.925E+00 0.146E+01 0.351E+01
         2 0.400E+00 0.243E+01
         3 0.400E+00 0.243E+01
         5 0.625E-02 0.212E+00 0.267E+00 0.948E+00 0.225E+01
         6 0.187E+00 0.984E+00
         7 0.187E+00 0.984E+00


 Contracted 2-electron integrals neglected if value below      1.0D-11
 AO integral compression algorithm  1   Integral accuracy      1.0D-11

     0.262 MB (compressed) written to integral file (100.0%)


 NUMBER OF SORTED TWO-ELECTRON INTEGRALS:       2829.     BUFFER LENGTH:  32768
 NUMBER OF SEGMENTS:   1  SEGMENT LENGTH:       2829      RECORD LENGTH: 524288

 Memory used in sort:       0.56 MW

 SORT1 READ        8184. AND WROTE        2829. INTEGRALS IN      1 RECORDS. CPU TIME:     0.00 SEC, REAL TIME:     0.00 SEC
 SORT2 READ        2829. AND WROTE        2829. INTEGRALS IN      1 RECORDS. CPU TIME:     0.00 SEC, REAL TIME:     0.01 SEC

 FILE SIZES:   FILE 1:     7.8 MBYTE,  FILE 4:     4.2 MBYTE,   TOTAL:     12.0 MBYTE

 OPERATOR DM      FOR CENTER  0  COORDINATES:    0.000000    0.000000    0.000000
1PROGRAM * RHF-SCF (CLOSED SHELL)       Authors: W. Meyer, H.-J. Werner


 NUMBER OF ELECTRONS:       4+    4-
 CONVERGENCE THRESHOLDS:    1.00E-07 (Density)    1.00E-09 (Energy)
 MAX. NUMBER OF ITERATIONS:       60
 INTERPOLATION TYPE:            DIIS
 INTERPOLATION STEPS:              2 (START)      1 (STEP)
 LEVEL SHIFTS:                  0.00 (CLOSED)  0.00 (OPEN) 

 Number of closed-shell orbitals:    4 (   2   1   0   0   1   0   0 )


 Molecular orbitals read from record     2100.2  Type=RHF/CANONICAL (state 1.1)

 Molecular orbital dump at record        2100.2

 ITERATION    DDIFF          GRAD             ENERGY        2-EL.EN.            DIPOLE MOMENTS         DIIS   ORB.
    1      0.000D+00      0.000D+00       -29.01119499     27.441409    0.00000    0.00000    0.00000    0    start
    2      0.000D+00      0.221D-05       -29.01119499     27.441330    0.00000    0.00000    0.00000    1    diag
    3      0.482D-05      0.339D-06       -29.01119499     27.441323    0.00000    0.00000    0.00000    2    diag
    4      0.525D-06      0.754D-07       -29.01119499     27.441322    0.00000    0.00000    0.00000    3    diag
    5      0.158D-06      0.923D-08       -29.01119499     27.441322    0.00000    0.00000    0.00000    4    diag
    6      0.233D-07      0.148D-08       -29.01119499     27.441322    0.00000    0.00000    0.00000    0    orth

 Final occupancy:   2   1   0   0   1   0   0

 !RHF STATE 1.1 Energy                -29.011194993717
 Nuclear energy                         4.67135210
 One-electron energy                  -47.40320824
 Two-electron energy                   13.72066115
 Virial quotient                       -0.99558413
 !RHF STATE 1.1 Dipole moment           0.00000000     0.00000000     0.00000000
 Dipole moment /Debye                   0.00000000     0.00000000     0.00000000

 Orbital energies:

         1.1          2.1          3.1          4.1
     -4.709772    -0.386230     0.070564     0.382638

         1.2          2.2
     -0.176549     0.432276

         1.3          2.3
      0.048521     0.433623

         1.5          2.5          3.5
     -4.708392    -0.008129     0.275896

         1.6          2.6
      0.154256     0.522107

         1.7          2.7
      0.165714     0.520728

 HOMO      1.2    -0.176549 =      -4.8042eV
 LUMO      2.5    -0.008129 =      -0.2212eV
 LUMO-HOMO         0.168421 =       4.5830eV


 **********************************************************************************************************************************
 DATASETS  * FILE   NREC   LENGTH (MB)   RECORD NAMES
              1      19        7.54       500      610      700      900      950      970     1000      129      960     1100   
                                          VAR    BASINP    GEOM    SYMINP    ZMAT    AOBASIS   BASIS     P2S    ABASIS      S 
                                         1400     1410     1200     1210     1080     1600     1650     1300     1700   
                                           T        V       H0       H01     AOSYM     SMH    MOLCAS    ERIS     OPER   

              2       4        0.29       700     1000      520     2100   
                                         GEOM     BASIS   MCVARS     RHF  

 PROGRAMS   *        TOTAL        HF        HF       INT
 CPU TIMES  *         0.69      0.03      0.01      0.01
 REAL TIME  *         0.86 SEC
 DISK USED  *        12.34 MB      
 **********************************************************************************************************************************

 PROGRESS OF GEOMETRY OPTIMIZATION.    TOTAL CPU:         0.6 SEC
   1   -27.98636593   -28.54124359    -0.55487766  1.88537123  1.88537123  1.88537123  0.44999982  0.44999982  0.44999982
   2   -28.54124359   -28.77681235    -0.23556876  0.83314897  0.83314897  0.83314897  0.35630959  0.35630959  0.35630959
   3   -28.77681235   -28.96105537    -0.18424302  0.50971861  0.50971861  0.50971861  0.56153551  0.56153551  0.56153551
   4   -28.96105537   -28.99868977    -0.03763440  0.17918503  0.17918503  0.17918503  0.30441311  0.30441311  0.30441311
   5   -28.99868977   -29.00948415    -0.01079438  0.07554592  0.07554592  0.07554592  0.22189661  0.22189661  0.22189661
   6   -29.00948415   -29.01109030    -0.00160615  0.02466643  0.02466643  0.02466643  0.10757572  0.10757572  0.10757572
   7   -29.01109030   -29.01119369    -0.00010339  0.00574591  0.00574591  0.00574591  0.03266931  0.03266931  0.03266931
   8   -29.01119369   -29.01119499    -0.00000130  0.00062993  0.00062993  0.00062993  0.00402254  0.00402254  0.00402254
   9   -29.01119499   -29.01119499    -0.00000000  0.00001898  0.00001898  0.00001898  0.00012496  0.00012496  0.00012496

 **********************************************************************************************************************************

 Current geometry (xyz format, in Angstrom)

    2
 HF-SCF000/$BSET  ENERGY=-29.01119499
 Be         0.0000000000        0.0000000000       -0.9062510336
 Be         0.0000000000        0.0000000000        0.9062510336

 **********************************************************************************************************************************

 Current variables
 R=                   3.42513252 BOHR

 **********************************************************************************************************************************
