
 Running default procedure: HF-SCF000
1PROGRAM * ALASKA (Gradient of the energy)     Author: R. Lindh

 Orbitals from record         2100.2

 Number of closed-shell orbitals: 21 ( 21 )
 Number of occupied orbitals:     21 ( 21 )

 Number of electrons= 42     Singlet     Space symmetry=1      Wavefunction type: CLOSED          


 SCF GRADIENT FOR STATE 1.1

 Atom          dE/dx               dE/dy               dE/dz

   1        -0.133247738         0.000000000        -0.000000000
   2        -0.066623870         0.115395926        -0.000000000
   3        -0.066623870        -0.115395926        -0.000000000
   4         0.066623870        -0.115395926         0.000000000
   5         0.133247738        -0.000000000         0.000000000
   6         0.066623870         0.115395926        -0.000000000
   7         0.009956062         0.000000000         0.000000000
   8         0.004978031        -0.008622202         0.000000000
   9        -0.004978031        -0.008622202         0.000000000
  10        -0.009956062         0.000000000        -0.000000000
  11        -0.004978031         0.008622202         0.000000000
  12         0.004978031         0.008622202         0.000000000

 Nuclear force contribution to virial =        -1.694370346
 Reading points  1 to  1 from record 700.2,  wavefunction type=HF-SCF000       

 Making model hessian for Z-matrix coordinates
 No hessian update for point  1

 Quadratic Steepest Descent - Minimum Search

 Optimization point 1

 Variable                      Last           Current        Next           Gradient       Hessian

 E(HF-SCF000) / Hartree      0.00000000  -230.56639791     0.00000000
 CC2 / ANG                   0.00000000     1.30000000     1.36958838    -0.11649375     4.39227770
 CC3 / ANG                   0.00000000     1.30000000     1.36958845    -0.34948126     4.54696934
 CCC3 / DEGREE               0.00000000   120.00000000   119.99999798    -0.00457809     0.00185363
 CC4 / ANG                   0.00000000     1.30000000     1.36958839    -0.46597501     6.37085644
 CCC4 / DEGREE               0.00000000   120.00000000   119.99999807    -0.00915617     0.00522612
 DIH4 / DEGREE               0.00000000     0.00000000     0.00000000     0.00000000     0.00000000
 CC5 / ANG                   0.00000000     1.30000000     1.36958837    -0.34948125     4.55922027
 CCC5 / DEGREE               0.00000000   120.00000000   120.00000003    -0.00915617     0.00524104
 DIH5 / DEGREE               0.00000000     0.00000000    -0.00000000     0.00000000     0.00000000
 CC6 / ANG                   0.00000000     1.30000000     1.36958831    -0.11649375     4.36634171
 CCC6 / DEGREE               0.00000000   120.00000000   120.00000191    -0.00457809     0.00186698
 DIH6 / DEGREE               0.00000000     0.00000000    -0.00000000     0.00000000     0.00000000
 HC7 / ANG                   0.00000000     1.08900000     1.07703010     0.01881423     1.75352889
 HCC7 / DEGREE               0.00000000   120.00000000   120.00000116     0.00000000     0.00013199
 DIH7 / DEGREE               0.00000000   180.00000000   180.00000000     0.00000000     0.00000000
 HC8 / ANG                   0.00000000     1.08900000     1.07703001     0.01881423     1.75352684
 HCC8 / DEGREE               0.00000000   120.00000000   120.00001391     0.00000000     0.00013199
 DIH8 / DEGREE               0.00000000   180.00000000   180.00000000     0.00000000     0.00000000
 HC9 / ANG                   0.00000000     1.08900000     1.07702992     0.01881423     1.75352478
 HCC9 / DEGREE               0.00000000   120.00000000   119.99999924    -0.00000000     0.00013199
 DIH9 / DEGREE               0.00000000   180.00000000   180.00000000     0.00000000     0.00000000
 HC10 / ANG                  0.00000000     1.08900000     1.07702992     0.01881423     1.75352478
 HCC10 / DEGREE              0.00000000   120.00000000   119.99999890    -0.00000000     0.00013199
 DIH10 / DEGREE              0.00000000   180.00000000   180.00000000     0.00000000     0.00000000
 HC11 / ANG                  0.00000000     1.08900000     1.07703001     0.01881423     1.75352684
 HCC11 / DEGREE              0.00000000   120.00000000   120.00001408    -0.00000000     0.00013199
 DIH11 / DEGREE              0.00000000   180.00000000   180.00000000     0.00000000     0.00000000
 HC12 / ANG                  0.00000000     1.08900000     1.07703010     0.01881423     1.75352889
 HCC12 / DEGREE              0.00000000   120.00000000   120.00000103     0.00000000     0.00013199
 DIH12 / DEGREE              0.00000000   180.00000000   180.00000000     0.00000000     0.00000000
 Convergence:                0.00000000  (line search)     0.29922425     0.90853814  (total)

 Geometry written to block  2 of record 700


 Current variables in basis input:

 Set= 1  $BSET               =  6-31G

 Recomputing integrals since geometry changed

1PROGRAM * SEWARD (Integral evaluation for generally contracted gaussian basis sets)     Author: Roland Lindh, 1990

 Geometry written to block  2 of record 700

 Orientation using atomic masses  
 Molecule type: Symmetric top,     Order of principal axis = 2
 Rotational constants:       5.8977514      5.8977515      2.9488757 GHz  (calculated with average atomic masses)

 Point group  C1  



 ATOMIC COORDINATES

 NR  ATOM    CHARGE       X              Y              Z

   1  C       6.00    2.588146979    0.000000000    0.000000000
   2  C       6.00    1.294073468   -2.241400998    0.000000000
   3  C       6.00    1.294073393    2.241401089    0.000000000
   4  C       6.00   -1.294073568    2.241400946    0.000000000
   5  C       6.00   -2.588146911   -0.000000115    0.000000000
   6  C       6.00   -1.294073456   -2.241400977    0.000000000
   7  H       1.00    4.623438912    0.000000013    0.000000000
   8  H       1.00    2.311719759   -4.004015123    0.000000000
   9  H       1.00   -2.311719229   -4.004015195    0.000000000
  10  H       1.00   -4.623438487   -0.000000187    0.000000000
  11  H       1.00   -2.311719109    4.004015504    0.000000000
  12  H       1.00    2.311719294    4.004015645    0.000000000

 Bond lengths in Bohr (Angstrom)

 1-2  2.588146960  1-3  2.588147076  1-7  2.035291934  2-6  2.588146924  2-8  2.035291755
     ( 1.369588385)     ( 1.369588446)     ( 1.077030105)     ( 1.369588366)     ( 1.077030010)

  3- 4  2.588146961   3-12  2.035291933   4- 5  2.588146931   4-11  2.035291755   5- 6  2.588146814
       ( 1.369588385)       ( 1.077030105)       ( 1.369588369)       ( 1.077030010)       ( 1.369588308)

  5-10  2.035291576   6- 9  2.035291576
       ( 1.077029916)       ( 1.077029916)

 Bond angles

  1- 2- 6  120.00000033   1- 2- 8  119.99998576   1- 3- 4  119.99999807   1- 3-12  120.00000090

  2-1-3  119.99999798   2-1-7  120.00000116   2-6-5  120.00000169   2-6-9  119.99999907

  3- 1- 7  120.00000086   3- 4- 5  120.00000003   3- 4-11  119.99998589   4- 3-12  120.00000103

  4- 5- 6  120.00000191   4- 5-10  119.99999890   5- 4-11  120.00001408   5- 6- 9  119.99999924

  6- 2- 8  120.00001391   6- 5-10  119.99999920

 NUCLEAR CHARGE:                   42
 NUMBER OF PRIMITIVE AOS:         156
 NUMBER OF SYMMETRY AOS:          156
 NUMBER OF CONTRACTIONS:           66   (  66A   )
 NUMBER OF CORE ORBITALS:           6   (   6A   )
 NUMBER OF VALENCE ORBITALS:       30   (  30A   )


 NUCLEAR REPULSION ENERGY  206.87480102

 EXTRA SYMMETRY OF AOS IN SYMMETRY 1:   1 1 1 1 1 2 1 1 2 1   1 1 1 1 2 1 1 2 1 1   1 1 1 2 1 1 2 1 1 1   1 1 2 1 1 2 1 1 1 1
                                        1 2 1 1 2 1 1 1 1 1   2 1 1 2 1 1 1 1 1 1   1 1 1 1 1 1

 Eigenvalues of metric

         1 0.574E-03 0.510E-02 0.574E-02 0.574E-02 0.808E-02 0.808E-02 0.167E-01 0.167E-01


 Contracted 2-electron integrals neglected if value below      1.0D-11
 AO integral compression algorithm  1   Integral accuracy      1.0D-11

     7.602 MB (compressed) written to integral file ( 33.6%)


 NUMBER OF SORTED TWO-ELECTRON INTEGRALS:    2445366.     BUFFER LENGTH:  32768
 NUMBER OF SEGMENTS:   1  SEGMENT LENGTH:    2445366      RECORD LENGTH: 524288

 Memory used in sort:       3.00 MW

 SORT1 READ     2895470. AND WROTE     1370661. INTEGRALS IN      4 RECORDS. CPU TIME:     0.03 SEC, REAL TIME:     0.04 SEC
 SORT2 READ     1370661. AND WROTE     2445366. INTEGRALS IN     29 RECORDS. CPU TIME:     0.05 SEC, REAL TIME:     0.07 SEC

 FILE SIZES:   FILE 1:    15.5 MBYTE,  FILE 4:    16.8 MBYTE,   TOTAL:     32.3 MBYTE

 OPERATOR DM      FOR CENTER  0  COORDINATES:    0.000000    0.000000    0.000000
1PROGRAM * RHF-SCF (CLOSED SHELL)       Authors: W. Meyer, H.-J. Werner


 NUMBER OF ELECTRONS:      21+   21-    SPACE SYMMETRY=1    SPIN SYMMETRY: Singlet 
 CONVERGENCE THRESHOLDS:    1.00E-06 (Density)    1.00E-08 (Energy)
 MAX. NUMBER OF ITERATIONS:       60
 INTERPOLATION TYPE:            DIIS
 INTERPOLATION STEPS:              2 (START)      1 (STEP)
 LEVEL SHIFTS:                  0.00 (CLOSED)  0.00 (OPEN) 

 Number of closed-shell orbitals:   21 (  21 )


 Molecular orbitals read from record     2100.2  Type=RHF/CANONICAL (state 1.1)

 Molecular orbital dump at record        2100.2

 ITERATION    DDIFF          GRAD             ENERGY        2-EL.EN.            DIPOLE MOMENTS         DIIS   ORB.
    1      0.000D+00      0.000D+00      -230.61280548    565.908371    0.00000    0.00000    0.00000    0    start
    2      0.000D+00      0.267D-02      -230.62147984    564.185822    0.00000    0.00000   -0.00000    1    diag
    3      0.530D-02      0.684D-03      -230.62209183    564.891877   -0.00000   -0.00000   -0.00000    2    diag
    4      0.120D-02      0.203D-03      -230.62215090    564.759053    0.00000    0.00000    0.00000    3    diag
    5      0.323D-03      0.199D-04      -230.62215161    564.770355   -0.00000   -0.00000   -0.00000    4    diag
    6      0.510D-04      0.241D-05      -230.62215163    564.770485    0.00000    0.00000   -0.00000    5    diag
    7      0.782D-05      0.289D-06      -230.62215163    564.770499   -0.00000   -0.00000   -0.00000    6    diag
    8      0.816D-06      0.264D-07      -230.62215163    564.770494    0.00000    0.00000   -0.00000    0    orth

 Final occupancy:  21

 !RHF STATE 1.1 Energy               -230.622151627479
 Nuclear energy                       206.87480102
 One-electron energy                 -719.88219962
 Two-electron energy                  282.38524697
 Virial quotient                       -0.99752511
 !RHF STATE 1.1 Dipole moment           0.00000002     0.00000001    -0.00000000
 Dipole moment /Debye                   0.00000004     0.00000003    -0.00000000

 Orbital energies:

         1.1          2.1          3.1          4.1          5.1          6.1          7.1          8.1          9.1         10.1
    -11.230330   -11.229710   -11.229710   -11.228362   -11.228362   -11.227713    -1.167996    -1.022973    -1.022973    -0.826018

        11.1         12.1         13.1         14.1         15.1         16.1         17.1         18.1         19.1         20.1
     -0.826018    -0.717917    -0.632843    -0.626583    -0.589449    -0.589449    -0.509721    -0.487029    -0.487029    -0.337834

        21.1         22.1         23.1
     -0.337834     0.152844     0.152844

 HOMO     21.1    -0.337834 =      -9.1929eV
 LUMO     22.1     0.152844 =       4.1591eV
 LUMO-HOMO         0.490678 =      13.3520eV


 **********************************************************************************************************************************
 DATASETS  * FILE   NREC   LENGTH (MB)   RECORD NAMES
              1      19       14.05       500      610      700      900      950      970     1000      129      960     1100   
                                          VAR    BASINP    GEOM    SYMINP    ZMAT    AOBASIS   BASIS     P2S    ABASIS      S 
                                         1400     1410     1200     1210     1080     1600     1650     1300     1700   
                                           T        V       H0       H01     AOSYM     SMH    MOLCAS    ERIS     OPER   

              2       4        0.56       700     1000      520     2100   
                                         GEOM     BASIS   MCVARS     RHF  

 PROGRAMS   *        TOTAL        HF        HF       INT
 CPU TIMES  *         4.45      0.81      0.20      0.69
 REAL TIME  *         4.56 SEC
 DISK USED  *        33.00 MB      
 **********************************************************************************************************************************

 PROGRESS OF GEOMETRY OPTIMIZATION.    TOTAL CPU:         3.5 SEC
   1  -230.56639791  -230.62215163    -0.05575372  0.52461005  0.90853814  0.16587561  0.13150311  0.29922425  0.00997414

 **********************************************************************************************************************************

 Current geometry (xyz format, in Angstrom)

   12
 HF-SCF000/$BSET  ENERGY=-230.62215163
 C          1.3695883946        0.0000000000        0.0000000000
 C          0.6847941860       -1.1860983244        0.0000000000
 C          0.6847941461        1.1860983725        0.0000000000
 C         -0.6847942390        1.1860982970        0.0000000000
 C         -1.3695883588       -0.0000000609        0.0000000000
 C         -0.6847941796       -1.1860983134        0.0000000000
 H          2.4466184996        0.0000000070        0.0000000000
 H          1.2233094101       -2.1188335475        0.0000000000
 H         -1.2233091297       -2.1188335854        0.0000000000
 H         -2.4466182747       -0.0000000991        0.0000000000
 H         -1.2233090659        2.1188337494        0.0000000000
 H          1.2233091638        2.1188338239        0.0000000000

 **********************************************************************************************************************************

 Current variables
 CC2=                 1.36958838 ANG
 CC3=                 1.36958845 ANG
 CCC3=              119.99999798 DEGREE
 CC4=                 1.36958839 ANG
 CCC4=              119.99999807 DEGREE
 DIH4=                0.00000000 DEGREE
 CC5=                 1.36958837 ANG
 CCC5=              120.00000003 DEGREE
 DIH5=               -0.00000000 DEGREE
 CC6=                 1.36958831 ANG
 CCC6=              120.00000191 DEGREE
 DIH6=               -0.00000000 DEGREE
 HC7=                 1.07703010 ANG
 HCC7=              120.00000116 DEGREE
 DIH7=              180.00000000 DEGREE
 HC8=                 1.07703001 ANG
 HCC8=              120.00001391 DEGREE
 DIH8=              180.00000000 DEGREE
 HC9=                 1.07702992 ANG
 HCC9=              119.99999924 DEGREE
 DIH9=              180.00000000 DEGREE
 HC10=                1.07702992 ANG
 HCC10=             119.99999890 DEGREE
 DIH10=             180.00000000 DEGREE
 HC11=                1.07703001 ANG
 HCC11=             120.00001408 DEGREE
 DIH11=             180.00000000 DEGREE
 HC12=                1.07703010 ANG
 HCC12=             120.00000103 DEGREE
 DIH12=             180.00000000 DEGREE

 **********************************************************************************************************************************
1PROGRAM * ALASKA (Gradient of the energy)     Author: R. Lindh

 Orbitals from record         2100.2

 Number of closed-shell orbitals: 21 ( 21 )
 Number of occupied orbitals:     21 ( 21 )

 Number of electrons= 42     Singlet     Space symmetry=1      Wavefunction type: CLOSED          


 SCF GRADIENT FOR STATE 1.1

 Atom          dE/dx               dE/dy               dE/dz

   1        -0.024284288        -0.000000060         0.000000000
   2        -0.012142203         0.021030762        -0.000000000
   3        -0.012142195        -0.021030780         0.000000000
   4         0.012142075        -0.021030831        -0.000000000
   5         0.024284257        -0.000000059         0.000000000
   6         0.012142080         0.021030811         0.000000000
   7         0.002549064        -0.000000000        -0.000000000
   8         0.001274528        -0.002207475        -0.000000000
   9        -0.001274462        -0.002207432        -0.000000000
  10        -0.002548923        -0.000000000        -0.000000000
  11        -0.001274466         0.002207511        -0.000000000
  12         0.001274532         0.002207554         0.000000000

 Nuclear force contribution to virial =        -0.306396904
 Reading points  1 to  2 from record 700.2,  wavefunction type=HF-SCF000       

 Making model hessian for Z-matrix coordinates
 BFGS update of hessian using  1 points

 Quadratic Steepest Descent - Minimum Search

 Optimization point 2

 Variable                      Last           Current        Next           Gradient       Hessian

 E(HF-SCF000) / Hartree   -230.56639791  -230.62215163     0.00000000
 CC2 / ANG                   1.30000000     1.36958838     1.38501217    -0.02053685     3.53641315
 CC3 / ANG                   1.30000000     1.36958845     1.38408651    -0.06161049     3.64583814
 CCC3 / DEGREE             120.00000000   119.99999798   119.99999955    -0.00085028     0.00155603
 CC4 / ANG                   1.30000000     1.36958839     1.38362365    -0.08214746     5.24808443
 CCC4 / DEGREE             120.00000000   119.99999807   120.03353645    -0.00170056     0.00461191
 DIH4 / DEGREE               0.00000000     0.00000000     0.00000000     0.00000000     0.00000000
 CC5 / ANG                   1.30000000     1.36958837     1.38408649    -0.06161060     3.65516971
 CCC5 / DEGREE             120.00000000   120.00000003   120.03353675    -0.00170056     0.00462395
 DIH5 / DEGREE               0.00000000    -0.00000000    -0.00000000     0.00000000     0.00000000
 CC6 / ANG                   1.30000000     1.36958831     1.38501214    -0.02053696     3.51693614
 CCC6 / DEGREE             120.00000000   120.00000191   120.00000070    -0.00085028     0.00156716
 DIH6 / DEGREE               0.00000000    -0.00000000    -0.00000000     0.00000000     0.00000000
 HC7 / ANG                   1.08900000     1.07703010     1.07344519     0.00481703     1.80604251
 HCC7 / DEGREE             120.00000000   120.00000116   119.99790501    -0.00000000     0.00011168
 DIH7 / DEGREE             180.00000000   180.00000000   180.00000000     0.00000000     0.00000000
 HC8 / ANG                   1.08900000     1.07703001     1.07343405     0.00481690     1.80604047
 HCC8 / DEGREE             120.00000000   120.00001391   120.01572493     0.00000000     0.00011168
 DIH8 / DEGREE             180.00000000   180.00000000   180.00000000     0.00000000     0.00000000
 HC9 / ANG                   1.08900000     1.07702992     1.07343402     0.00481677     1.80603842
 HCC9 / DEGREE             120.00000000   119.99999924   120.01781622    -0.00000000     0.00011168
 DIH9 / DEGREE             180.00000000   180.00000000   180.00000000     0.00000000     0.00000000
 HC10 / ANG                  1.08900000     1.07702992     1.07344514     0.00481677     1.80603842
 HCC10 / DEGREE            120.00000000   119.99999890   120.00209533     0.00000000     0.00011168
 DIH10 / DEGREE            180.00000000   180.00000000   180.00000000     0.00000000     0.00000000
 HC11 / ANG                  1.08900000     1.07703001     1.07345629     0.00481690     1.80604047
 HCC11 / DEGREE            120.00000000   120.00001408   119.98218666     0.00000000     0.00011168
 DIH11 / DEGREE            180.00000000   180.00000000   180.00000000     0.00000000     0.00000000
 HC12 / ANG                  1.08900000     1.07703010     1.07345631     0.00481703     1.80604251
 HCC12 / DEGREE            120.00000000   120.00000103   119.98427937     0.00000000     0.00011168
 DIH12 / DEGREE            180.00000000   180.00000000   180.00000000     0.00000000     0.00000000
 Convergence:                0.00000000  (line search)     0.06465410     0.16740593  (total)
 *** Symmetry of molecule has changed ***

 Geometry written to block  3 of record 700


 Current variables in basis input:

 Set= 1  $BSET               =  6-31G

 Recomputing integrals since geometry changed

1PROGRAM * SEWARD (Integral evaluation for generally contracted gaussian basis sets)     Author: Roland Lindh, 1990

 Geometry written to block  3 of record 700

 Orientation using atomic masses  
 Molecule type: Asymmetric top
 Rotational constants:       5.7861052      5.7860296      2.8930337 GHz  (calculated with average atomic masses)

 Point group  C1  



 ATOMIC COORDINATES

 NR  ATOM    CHARGE       X              Y              Z

   1  C       6.00    2.616432619    0.001214602    0.000000000
   2  C       6.00    1.309323468   -2.266315315    0.000000000
   3  C       6.00    1.307124312    2.265454989    0.000000000
   4  C       6.00   -1.307545447    2.265211942    0.000000000
   5  C       6.00   -2.616432778    0.000728225    0.000000000
   6  C       6.00   -1.308902174   -2.266558640    0.000000000
   7  H       1.00    4.644949634    0.002516310    0.000000000
   8  H       1.00    2.324216983   -4.022671961    0.000000000
   9  H       1.00   -2.323469040   -4.023103931    0.000000000
  10  H       1.00   -4.644949897    0.001652825    0.000000000
  11  H       1.00   -2.321495831    4.022161762    0.000000000
  12  H       1.00    2.320748152    4.022593272    0.000000000

 Bond lengths in Bohr (Angstrom)

 1-2  2.617293689  1-3  2.615544451  1-7  2.028517433  2-6  2.618225653  2-8  2.028496368
     ( 1.385012170)     ( 1.384086512)     ( 1.073445193)     ( 1.385505344)     ( 1.073434047)

  3- 4  2.614669770   3-12  2.028538448   4- 5  2.615544408   4-11  2.028538402   5- 6  2.617293642
       ( 1.383623652)       ( 1.073456314)       ( 1.384086490)       ( 1.073456290)       ( 1.385012145)

  5-10  2.028517330   6- 9  2.028496311
       ( 1.073445139)       ( 1.073434017)

 Bond angles

  1- 2- 6  119.96646287   1- 2- 8  120.01781220   1- 3- 4  120.03353645   1- 3-12  119.98218418

  2-1-3  119.99999955   2-1-7  119.99790501   2-6-5  119.96646369   2-6-9  120.01572009

  3- 1- 7  120.00209544   3- 4- 5  120.03353675   3- 4-11  119.98427659   4- 3-12  119.98427937

  4- 5- 6  120.00000070   4- 5-10  120.00209533   5- 4-11  119.98218666   5- 6- 9  120.01781622

  6- 2- 8  120.01572493   6- 5-10  119.99790397

 NUCLEAR CHARGE:                   42
 NUMBER OF PRIMITIVE AOS:         156
 NUMBER OF SYMMETRY AOS:          156
 NUMBER OF CONTRACTIONS:           66   (  66A   )
 NUMBER OF CORE ORBITALS:           6   (   6A   )
 NUMBER OF VALENCE ORBITALS:       30   (  30A   )


 NUCLEAR REPULSION ENERGY  205.07699713

 EXTRA SYMMETRY OF AOS IN SYMMETRY 1:   1 1 1 1 1 2 1 1 2 1   1 1 1 1 2 1 1 2 1 1   1 1 1 2 1 1 2 1 1 1   1 1 2 1 1 2 1 1 1 1
                                        1 2 1 1 2 1 1 1 1 1   2 1 1 2 1 1 1 1 1 1   1 1 1 1 1 1

 Eigenvalues of metric

         1 0.637E-03 0.553E-02 0.621E-02 0.621E-02 0.857E-02 0.857E-02 0.169E-01 0.169E-01


 Contracted 2-electron integrals neglected if value below      1.0D-11
 AO integral compression algorithm  1   Integral accuracy      1.0D-11

     7.602 MB (compressed) written to integral file ( 33.9%)


 NUMBER OF SORTED TWO-ELECTRON INTEGRALS:    2445366.     BUFFER LENGTH:  32768
 NUMBER OF SEGMENTS:   1  SEGMENT LENGTH:    2445366      RECORD LENGTH: 524288

 Memory used in sort:       3.00 MW

 SORT1 READ     2895470. AND WROTE     1374398. INTEGRALS IN      4 RECORDS. CPU TIME:     0.02 SEC, REAL TIME:     0.04 SEC
 SORT2 READ     1374398. AND WROTE     2445366. INTEGRALS IN     29 RECORDS. CPU TIME:     0.06 SEC, REAL TIME:     0.07 SEC

 FILE SIZES:   FILE 1:    15.5 MBYTE,  FILE 4:    16.8 MBYTE,   TOTAL:     32.3 MBYTE

 OPERATOR DM      FOR CENTER  0  COORDINATES:    0.000000    0.000000    0.000000
1PROGRAM * RHF-SCF (CLOSED SHELL)       Authors: W. Meyer, H.-J. Werner


 NUMBER OF ELECTRONS:      21+   21-    SPACE SYMMETRY=1    SPIN SYMMETRY: Singlet 
 CONVERGENCE THRESHOLDS:    1.00E-06 (Density)    1.00E-08 (Energy)
 MAX. NUMBER OF ITERATIONS:       60
 INTERPOLATION TYPE:            DIIS
 INTERPOLATION STEPS:              2 (START)      1 (STEP)
 LEVEL SHIFTS:                  0.00 (CLOSED)  0.00 (OPEN) 

 Number of closed-shell orbitals:   21 (  21 )


 Molecular orbitals read from record     2100.2  Type=RHF/CANONICAL (state 1.1)

 Molecular orbital dump at record        2100.2

 ITERATION    DDIFF          GRAD             ENERGY        2-EL.EN.            DIPOLE MOMENTS         DIIS   ORB.
    1      0.000D+00      0.000D+00      -230.62399236    561.457381   -0.00000    0.00132   -0.00000    0    start
    2      0.000D+00      0.539D-03      -230.62435471    561.135596   -0.00000   -0.00110   -0.00000    1    diag
    3      0.102D-02      0.139D-03      -230.62438071    561.274607   -0.00000    0.00113   -0.00000    2    diag
    4      0.237D-03      0.422D-04      -230.62438325    561.247979   -0.00000   -0.00037   -0.00000    3    diag
    5      0.678D-04      0.501D-05      -230.62438328    561.249734   -0.00000    0.00041   -0.00000    4    diag
    6      0.116D-04      0.234D-05      -230.62438329    561.250061   -0.00000    0.00003   -0.00000    5    diag
    7      0.315D-05      0.306D-06      -230.62438329    561.250055   -0.00000    0.00004   -0.00000    6    diag
    8      0.862D-06      0.267D-07      -230.62438329    561.250053   -0.00000    0.00004   -0.00000    0    orth

 Final occupancy:  21

 !RHF STATE 1.1 Energy               -230.624383289448
 Nuclear energy                       205.07699713
 One-electron energy                 -716.32640698
 Two-electron energy                  280.62502656
 Virial quotient                       -0.99852335
 !RHF STATE 1.1 Dipole moment          -0.00000001     0.00004466    -0.00000000
 Dipole moment /Debye                  -0.00000003     0.00011351    -0.00000000

 Orbital energies:

         1.1          2.1          3.1          4.1          5.1          6.1          7.1          8.1          9.1         10.1
    -11.234018   -11.233421   -11.233392   -11.232187   -11.232154   -11.231528    -1.157933    -1.018085    -1.018078    -0.824327

        11.1         12.1         13.1         14.1         15.1         16.1         17.1         18.1         19.1         20.1
     -0.824323    -0.714527    -0.638763    -0.620106    -0.588519    -0.588515    -0.502860    -0.488032    -0.488028    -0.334693

        21.1         22.1         23.1
     -0.334688     0.149069     0.149073

 HOMO     21.1    -0.334688 =      -9.1073eV
 LUMO     22.1     0.149069 =       4.0564eV
 LUMO-HOMO         0.483756 =      13.1637eV


 **********************************************************************************************************************************
 DATASETS  * FILE   NREC   LENGTH (MB)   RECORD NAMES
              1      19       14.06       500      610      700      900      950      970     1000      129      960     1100   
                                          VAR    BASINP    GEOM    SYMINP    ZMAT    AOBASIS   BASIS     P2S    ABASIS      S 
                                         1400     1410     1200     1210     1080     1600     1650     1300     1700   
                                           T        V       H0       H01     AOSYM     SMH    MOLCAS    ERIS     OPER   

              2       4        0.56       700     1000      520     2100   
                                         GEOM     BASIS   MCVARS     RHF  

 PROGRAMS   *        TOTAL        HF        HF       INT
 CPU TIMES  *         7.81      0.79      0.20      0.69
 REAL TIME  *         7.97 SEC
 DISK USED  *        33.00 MB      
 **********************************************************************************************************************************

 PROGRESS OF GEOMETRY OPTIMIZATION.    TOTAL CPU:         6.8 SEC
   1  -230.56639791  -230.62215163    -0.05575372  0.52461005  0.90853814  0.16587561  0.13150311  0.29922425  0.00997414
   2  -230.62215163  -230.62438329    -0.00223166  0.09743507  0.16740593  0.03056400  0.02914683  0.06465410  0.00215514

 **********************************************************************************************************************************

 Current geometry (xyz format, in Angstrom)

   12
 HF-SCF000/$BSET  ENERGY=-230.62438329
 C          1.3845565109        0.0006427396        0.0000000000
 C          0.6928641385       -1.1992824130        0.0000000000
 C          0.6917003950        1.1988271481        0.0000000000
 C         -0.6919232505        1.1986985334        0.0000000000
 C         -1.3845565949        0.0003853599        0.0000000000
 C         -0.6926411991       -1.1994111753        0.0000000000
 H          2.4580014834        0.0013315739        0.0000000000
 H          1.2299226563       -2.1287063211        0.0000000000
 H         -1.2295268617       -2.1289349099        0.0000000000
 H         -2.4580016224        0.0008746376        0.0000000000
 H         -1.2284826846        2.1284363354        0.0000000000
 H          1.2280870296        2.1286646809        0.0000000000

 **********************************************************************************************************************************

 Current variables
 CC2=                 1.38501217 ANG
 CC3=                 1.38408651 ANG
 CCC3=              119.99999955 DEGREE
 CC4=                 1.38362365 ANG
 CCC4=              120.03353645 DEGREE
 DIH4=                0.00000000 DEGREE
 CC5=                 1.38408649 ANG
 CCC5=              120.03353675 DEGREE
 DIH5=               -0.00000000 DEGREE
 CC6=                 1.38501214 ANG
 CCC6=              120.00000070 DEGREE
 DIH6=               -0.00000000 DEGREE
 HC7=                 1.07344519 ANG
 HCC7=              119.99790501 DEGREE
 DIH7=              180.00000000 DEGREE
 HC8=                 1.07343405 ANG
 HCC8=              120.01572493 DEGREE
 DIH8=              180.00000000 DEGREE
 HC9=                 1.07343402 ANG
 HCC9=              120.01781622 DEGREE
 DIH9=              180.00000000 DEGREE
 HC10=                1.07344514 ANG
 HCC10=             120.00209533 DEGREE
 DIH10=             180.00000000 DEGREE
 HC11=                1.07345629 ANG
 HCC11=             119.98218666 DEGREE
 DIH11=             180.00000000 DEGREE
 HC12=                1.07345631 ANG
 HCC12=             119.98427937 DEGREE
 DIH12=             180.00000000 DEGREE

 **********************************************************************************************************************************
1PROGRAM * ALASKA (Gradient of the energy)     Author: R. Lindh

 Orbitals from record         2100.2

 Number of closed-shell orbitals: 21 ( 21 )
 Number of occupied orbitals:     21 ( 21 )

 Number of electrons= 42     Singlet     Space symmetry=1      Wavefunction type: CLOSED          


 SCF GRADIENT FOR STATE 1.1

 Atom          dE/dx               dE/dy               dE/dz

   1        -0.004268516         0.000849134        -0.000000000
   2        -0.001373116         0.003263223         0.000000000
   3        -0.002870817        -0.004132338         0.000000000
   4         0.002871557        -0.004131814         0.000000000
   5         0.004268347         0.000849929        -0.000000000
   6         0.001372471         0.003263494        -0.000000000
   7         0.000069338         0.000024468         0.000000000
   8         0.000051277        -0.000062520         0.000000000
   9        -0.000051244        -0.000062515         0.000000000
  10        -0.000069301         0.000024453        -0.000000000
  11        -0.000019057         0.000057235        -0.000000000
  12         0.000019060         0.000057252        -0.000000000

 Nuclear force contribution to virial =        -0.065015121
 Reading points  1 to  3 from record 700.2,  wavefunction type=HF-SCF000       

 Making model hessian for Z-matrix coordinates
 BFGS update of hessian using  2 points

 Quadratic Steepest Descent - Minimum Search

 Optimization point 3

 Variable                      Last           Current        Next           Gradient       Hessian

 E(HF-SCF000) / Hartree   -230.62215163  -230.62438329     0.00000000
 CC2 / ANG                   1.36958838     1.38501217     1.38823077    -0.00400931     3.35082299
 CC3 / ANG                   1.36958845     1.38408651     1.38795434    -0.01190455     3.31986548
 CCC3 / DEGREE             119.99999798   119.99999955   120.00098221    -0.00012470     0.00148559
 CC4 / ANG                   1.36958839     1.38362365     1.38780773    -0.01582225     4.74890564
 CCC4 / DEGREE             119.99999807   120.03353645   120.00966583    -0.00024954     0.00442996
 DIH4 / DEGREE               0.00000000     0.00000000     0.00000000     0.00000000     0.00000000
 CC5 / ANG                   1.36958837     1.38408649     1.38795433    -0.01187136     3.32969426
 CCC5 / DEGREE             120.00000003   120.03353675   120.00966590    -0.00024865     0.00444224
 DIH5 / DEGREE              -0.00000000    -0.00000000    -0.00000000     0.00000000     0.00000000
 CC6 / ANG                   1.36958831     1.38501214     1.38823077    -0.00397610     3.33295340
 CCC6 / DEGREE             120.00000191   120.00000070   120.00098219    -0.00012464     0.00149596
 DIH6 / DEGREE              -0.00000000    -0.00000000    -0.00000000     0.00000000     0.00000000
 HC7 / ANG                   1.07703010     1.07344519     1.07313503     0.00013106     1.82463607
 HCC7 / DEGREE             120.00000116   119.99790501   119.98892332     0.00000086     0.00010799
 DIH7 / DEGREE             180.00000000   180.00000000   180.00000000     0.00000000     0.00000000
 HC8 / ANG                   1.07703001     1.07343405     1.07311764     0.00015078     1.82452678
 HCC8 / DEGREE             120.00001391   120.01572493   119.99966187     0.00000046     0.00010777
 DIH8 / DEGREE             180.00000000   180.00000000   180.00000000     0.00000000     0.00000000
 HC9 / ANG                   1.07702992     1.07343402     1.07311764     0.00015073     1.82452432
 HCC9 / DEGREE             119.99999924   120.01781622   120.01098526    -0.00000046     0.00010777
 DIH9 / DEGREE             180.00000000   180.00000000   180.00000000     0.00000000     0.00000000
 HC10 / ANG                  1.07702992     1.07344514     1.07313502     0.00013098     1.82463111
 HCC10 / DEGREE            119.99999890   120.00209533   120.01009350    -0.00000086     0.00010799
 DIH10 / DEGREE            180.00000000   180.00000000   180.00000000     0.00000000     0.00000000
 HC11 / ANG                  1.07703001     1.07345629     1.07315203     0.00011168     1.82473914
 HCC11 / DEGREE            120.00001408   119.98218666   119.98994825     0.00000043     0.00010821
 DIH11 / DEGREE            180.00000000   180.00000000   180.00000000     0.00000000     0.00000000
 HC12 / ANG                  1.07703010     1.07345631     1.07315204     0.00011171     1.82474164
 HCC12 / DEGREE            120.00000103   119.98427937   120.00038722    -0.00000043     0.00010821
 DIH12 / DEGREE            180.00000000   180.00000000   180.00000000     0.00000000     0.00000000
 Convergence:                0.00000000  (line search)     0.01568432     0.02583905  (total)

 Geometry written to block  4 of record 700


 Current variables in basis input:

 Set= 1  $BSET               =  6-31G

 Recomputing integrals since geometry changed

1PROGRAM * SEWARD (Integral evaluation for generally contracted gaussian basis sets)     Author: Roland Lindh, 1990

 Geometry written to block  4 of record 700

 Orientation using atomic masses  
 Molecule type: Asymmetric top
 Rotational constants:       5.7595399      5.7596271      2.8797917 GHz  (calculated with average atomic masses)

 Point group  C1  



 ATOMIC COORDINATES

 NR  ATOM    CHARGE       X              Y              Z

   1  C       6.00    2.623098246    0.000175456    0.000000000
   2  C       6.00    1.311720237   -2.271913708    0.000000000
   3  C       6.00    1.311400506    2.271476830    0.000000000
   4  C       6.00   -1.311176025    2.271606415    0.000000000
   5  C       6.00   -2.623098215    0.000434685    0.000000000
   6  C       6.00   -1.311944750   -2.271784062    0.000000000
   7  H       1.00    4.651029544    0.000060081    0.000000000
   8  H       1.00    2.325572314   -4.028181365    0.000000000
   9  H       1.00   -2.325970417   -4.027951500    0.000000000
  10  H       1.00   -4.651029510    0.000519754    0.000000000
  11  H       1.00   -2.325082792    4.027917545    0.000000000
  12  H       1.00    2.325480877    4.027687735    0.000000000

 Bond lengths in Bohr (Angstrom)

 1-2  2.623375964  1-3  2.622853578  1-7  2.027931301  2-6  2.623664990  2-8  2.027898448
     ( 1.388230771)     ( 1.387954336)     ( 1.073135026)     ( 1.388383717)     ( 1.073117641)

  3- 4  2.622576535   3-12  2.027963447   4- 5  2.622853572   4-11  2.027963440   5- 6  2.623375963
       ( 1.387807731)       ( 1.073152037)       ( 1.387954333)       ( 1.073152033)       ( 1.388230770)

  5-10  2.027931297   6- 9  2.027898450
       ( 1.073135024)       ( 1.073117642)

 Bond angles

  1- 2- 6  119.98935180   1- 2- 8  120.01098633   1- 3- 4  120.00966583   1- 3-12  119.98994695

  2-1-3  120.00098221   2-1-7  119.98892332   2-6-5  119.98935207   2-6-9  119.99966268

  3- 1- 7  120.01009447   3- 4- 5  120.00966590   3- 4-11  120.00038585   4- 3-12  120.00038722

  4- 5- 6  120.00098219   4- 5-10  120.01009350   5- 4-11  119.98994825   5- 6- 9  120.01098526

  6- 2- 8  119.99966187   6- 5-10  119.98892432

 NUCLEAR CHARGE:                   42
 NUMBER OF PRIMITIVE AOS:         156
 NUMBER OF SYMMETRY AOS:          156
 NUMBER OF CONTRACTIONS:           66   (  66A   )
 NUMBER OF CORE ORBITALS:           6   (   6A   )
 NUMBER OF VALENCE ORBITALS:       30   (  30A   )


 NUCLEAR REPULSION ENERGY  204.64188314

 EXTRA SYMMETRY OF AOS IN SYMMETRY 1:   1 1 1 1 1 2 1 1 2 1   1 1 1 1 2 1 1 2 1 1   1 1 1 2 1 1 2 1 1 1   1 1 2 1 1 2 1 1 1 1
                                        1 2 1 1 2 1 1 1 1 1   2 1 1 2 1 1 1 1 1 1   1 1 1 1 1 1

 Eigenvalues of metric

         1 0.654E-03 0.564E-02 0.632E-02 0.632E-02 0.869E-02 0.869E-02 0.170E-01 0.170E-01


 Contracted 2-electron integrals neglected if value below      1.0D-11
 AO integral compression algorithm  1   Integral accuracy      1.0D-11

     7.602 MB (compressed) written to integral file ( 33.7%)


 NUMBER OF SORTED TWO-ELECTRON INTEGRALS:    2445366.     BUFFER LENGTH:  32768
 NUMBER OF SEGMENTS:   1  SEGMENT LENGTH:    2445366      RECORD LENGTH: 524288

 Memory used in sort:       3.00 MW

 SORT1 READ     2895470. AND WROTE     1373519. INTEGRALS IN      4 RECORDS. CPU TIME:     0.02 SEC, REAL TIME:     0.04 SEC
 SORT2 READ     1373519. AND WROTE     2445366. INTEGRALS IN     29 RECORDS. CPU TIME:     0.06 SEC, REAL TIME:     0.07 SEC

 FILE SIZES:   FILE 1:    15.5 MBYTE,  FILE 4:    16.8 MBYTE,   TOTAL:     32.3 MBYTE

 OPERATOR DM      FOR CENTER  0  COORDINATES:    0.000000    0.000000    0.000000
1PROGRAM * RHF-SCF (CLOSED SHELL)       Authors: W. Meyer, H.-J. Werner


 NUMBER OF ELECTRONS:      21+   21-    SPACE SYMMETRY=1    SPIN SYMMETRY: Singlet 
 CONVERGENCE THRESHOLDS:    1.00E-06 (Density)    1.00E-08 (Energy)
 MAX. NUMBER OF ITERATIONS:       60
 INTERPOLATION TYPE:            DIIS
 INTERPOLATION STEPS:              2 (START)      1 (STEP)
 LEVEL SHIFTS:                  0.00 (CLOSED)  0.00 (OPEN) 

 Number of closed-shell orbitals:   21 (  21 )


 Molecular orbitals read from record     2100.2  Type=RHF/CANONICAL (state 1.1)

 Molecular orbital dump at record        2100.2

 ITERATION    DDIFF          GRAD             ENERGY        2-EL.EN.            DIPOLE MOMENTS         DIIS   ORB.
    1      0.000D+00      0.000D+00      -230.62445365    560.454054    0.00000   -0.00104   -0.00000    0    start
    2      0.000D+00      0.125D-03      -230.62447273    560.369811    0.00000    0.00078   -0.00000    1    diag
    3      0.225D-03      0.332D-04      -230.62447413    560.402662   -0.00000   -0.00080    0.00000    2    diag
    4      0.538D-04      0.102D-04      -230.62447427    560.397155    0.00000    0.00020    0.00000    3    diag
    5      0.169D-04      0.216D-05      -230.62447427    560.397145   -0.00000   -0.00018    0.00000    4    diag
    6      0.331D-05      0.667D-06      -230.62447427    560.397382   -0.00000   -0.00008    0.00000    5    diag
    7      0.109D-05      0.612D-07      -230.62447427    560.397382   -0.00000   -0.00008    0.00000    6    diag
    8      0.192D-06      0.749D-08      -230.62447427    560.397382   -0.00000   -0.00008   -0.00000    0    orth

 Final occupancy:  21

 !RHF STATE 1.1 Energy               -230.624474274801
 Nuclear energy                       204.64188314
 One-electron energy                 -715.46504840
 Two-electron energy                  280.19869098
 Virial quotient                       -0.99877180
 !RHF STATE 1.1 Dipole moment          -0.00000001    -0.00007769    -0.00000000
 Dipole moment /Debye                  -0.00000002    -0.00019745    -0.00000000

 Orbital energies:

         1.1          2.1          3.1          4.1          5.1          6.1          7.1          8.1          9.1         10.1
    -11.234944   -11.234379   -11.234378   -11.233151   -11.233148   -11.232554    -1.155613    -1.016910    -1.016909    -0.823860

        11.1         12.1         13.1         14.1         15.1         16.1         17.1         18.1         19.1         20.1
     -0.823858    -0.713590    -0.639935    -0.618611    -0.588195    -0.588191    -0.501296    -0.488174    -0.488168    -0.333986

        21.1         22.1         23.1
     -0.333986     0.148171     0.148173

 HOMO     21.1    -0.333986 =      -9.0882eV
 LUMO     22.1     0.148171 =       4.0319eV
 LUMO-HOMO         0.482157 =      13.1201eV


 **********************************************************************************************************************************
 DATASETS  * FILE   NREC   LENGTH (MB)   RECORD NAMES
              1      19       14.05       500      610      700      900      950      970     1000      129      960     1100   
                                          VAR    BASINP    GEOM    SYMINP    ZMAT    AOBASIS   BASIS     P2S    ABASIS      S 
                                         1400     1410     1200     1210     1080     1600     1650     1300     1700   
                                           T        V       H0       H01     AOSYM     SMH    MOLCAS    ERIS     OPER   

              2       4        0.56       700     1000      520     2100   
                                         GEOM     BASIS   MCVARS     RHF  

 PROGRAMS   *        TOTAL        HF        HF       INT
 CPU TIMES  *        11.15      0.81      0.20      0.69
 REAL TIME  *        11.36 SEC
 DISK USED  *        33.00 MB      
 **********************************************************************************************************************************

 PROGRESS OF GEOMETRY OPTIMIZATION.    TOTAL CPU:        10.2 SEC
   1  -230.56639791  -230.62215163    -0.05575372  0.52461005  0.90853814  0.16587561  0.13150311  0.29922425  0.00997414
   2  -230.62215163  -230.62438329    -0.00223166  0.09743507  0.16740593  0.03056400  0.02914683  0.06465410  0.00215514
   3  -230.62438329  -230.62447427    -0.00009099  0.01429781  0.02583905  0.00471754  0.00790676  0.01568432  0.00052281

 **********************************************************************************************************************************

 Current geometry (xyz format, in Angstrom)

   12
 HF-SCF000/$BSET  ENERGY=-230.62447427
 C          1.3880838088        0.0000928471        0.0000000000
 C          0.6941324541       -1.2022449551        0.0000000000
 C          0.6939632598        1.2020137690        0.0000000000
 C         -0.6938444696        1.2020823427        0.0000000000
 C         -1.3880837925        0.0002300253        0.0000000000
 C         -0.6942512612       -1.2021763492        0.0000000000
 H          2.4612188329        0.0000317936        0.0000000000
 H          1.2306398663       -2.1316217722        0.0000000000
 H         -1.2308505333       -2.1315001330        0.0000000000
 H         -2.4612188153        0.0002750417        0.0000000000
 H         -1.2303808226        2.1314821643        0.0000000000
 H          1.2305914802        2.1313605542        0.0000000000

 **********************************************************************************************************************************

 Current variables
 CC2=                 1.38823077 ANG
 CC3=                 1.38795434 ANG
 CCC3=              120.00098221 DEGREE
 CC4=                 1.38780773 ANG
 CCC4=              120.00966583 DEGREE
 DIH4=                0.00000000 DEGREE
 CC5=                 1.38795433 ANG
 CCC5=              120.00966590 DEGREE
 DIH5=               -0.00000000 DEGREE
 CC6=                 1.38823077 ANG
 CCC6=              120.00098219 DEGREE
 DIH6=               -0.00000000 DEGREE
 HC7=                 1.07313503 ANG
 HCC7=              119.98892332 DEGREE
 DIH7=              180.00000000 DEGREE
 HC8=                 1.07311764 ANG
 HCC8=              119.99966187 DEGREE
 DIH8=              180.00000000 DEGREE
 HC9=                 1.07311764 ANG
 HCC9=              120.01098526 DEGREE
 DIH9=              180.00000000 DEGREE
 HC10=                1.07313502 ANG
 HCC10=             120.01009350 DEGREE
 DIH10=             180.00000000 DEGREE
 HC11=                1.07315203 ANG
 HCC11=             119.98994825 DEGREE
 DIH11=             180.00000000 DEGREE
 HC12=                1.07315204 ANG
 HCC12=             120.00038722 DEGREE
 DIH12=             180.00000000 DEGREE

 **********************************************************************************************************************************
1PROGRAM * ALASKA (Gradient of the energy)     Author: R. Lindh

 Orbitals from record         2100.2

 Number of closed-shell orbitals: 21 ( 21 )
 Number of occupied orbitals:     21 ( 21 )

 Number of electrons= 42     Singlet     Space symmetry=1      Wavefunction type: CLOSED          


 SCF GRADIENT FOR STATE 1.1

 Atom          dE/dx               dE/dy               dE/dz

   1        -0.000121504         0.000288009         0.000000000
   2         0.000198127        -0.000037853        -0.000000000
   3        -0.000303396        -0.000234469         0.000000000
   4         0.000303364        -0.000234504         0.000000000
   5         0.000121532         0.000287991         0.000000000
   6        -0.000198124        -0.000037833        -0.000000000
   7        -0.000118401        -0.000018990        -0.000000000
   8        -0.000071653         0.000103318        -0.000000000
   9         0.000071659         0.000103313         0.000000000
  10         0.000118401        -0.000018997        -0.000000000
  11         0.000047679        -0.000099994        -0.000000000
  12        -0.000047683        -0.000099990        -0.000000000

 Nuclear force contribution to virial =        -0.005100756
 Reading points  1 to  4 from record 700.2,  wavefunction type=HF-SCF000       

 Making model hessian for Z-matrix coordinates
 BFGS update of hessian using  3 points

 Quadratic Steepest Descent - Minimum Search

 Optimization point 4

 Variable                      Last           Current        Next           Gradient       Hessian

 E(HF-SCF000) / Hartree   -230.62438329  -230.62447427     0.00000000
 CC2 / ANG                   1.38501217     1.38823077     1.38832666    -0.00021346     3.31439046
 CC3 / ANG                   1.38408651     1.38795434     1.38827553    -0.00064141     3.25028346
 CCC3 / DEGREE             119.99999955   120.00098221   119.99988972     0.00000303     0.00148595
 CC4 / ANG                   1.38362365     1.38780773     1.38824496    -0.00087780     4.64254281
 CCC4 / DEGREE             120.03353645   120.00966583   120.00203957     0.00000601     0.00445550
 DIH4 / DEGREE               0.00000000     0.00000000     0.00000000     0.00000000     0.00000000
 CC5 / ANG                   1.38408649     1.38795433     1.38827553    -0.00066772     3.25630695
 CCC5 / DEGREE             120.03353675   120.00966590   120.00203932     0.00000533     0.00446532
 DIH5 / DEGREE              -0.00000000    -0.00000000    -0.00000000     0.00000000     0.00000000
 CC6 / ANG                   1.38501214     1.38823077     1.38832666    -0.00023978     3.29551420
 CCC6 / DEGREE             120.00000070   120.00098219   119.99988997     0.00000296     0.00149636
 DIH6 / DEGREE              -0.00000000    -0.00000000    -0.00000000     0.00000000     0.00000000
 HC7 / ANG                   1.07344519     1.07313503     1.07325147    -0.00022374     1.82652804
 HCC7 / DEGREE             119.99790501   119.98892332   119.99653066    -0.00000067     0.00010696
 DIH7 / DEGREE             180.00000000   180.00000000   180.00000000     0.00000000     0.00000000
 HC8 / ANG                   1.07343405     1.07311764     1.07324415    -0.00023679     1.82664362
 HCC8 / DEGREE             120.01572493   119.99966187   119.99916533    -0.00000037     0.00010689
 DIH8 / DEGREE             180.00000000   180.00000000   180.00000000     0.00000000     0.00000000
 HC9 / ANG                   1.07343402     1.07311764     1.07324415    -0.00023679     1.82664084
 HCC9 / DEGREE             120.01781622   120.01098526   120.00276419     0.00000037     0.00010690
 DIH9 / DEGREE             180.00000000   180.00000000   180.00000000     0.00000000     0.00000000
 HC10 / ANG                  1.07344514     1.07313502     1.07325147    -0.00022375     1.82652254
 HCC10 / DEGREE            120.00209533   120.01009350   120.00358005     0.00000067     0.00010697
 DIH10 / DEGREE            180.00000000   180.00000000   180.00000000     0.00000000     0.00000000
 HC11 / ANG                  1.07345629     1.07315203     1.07325750    -0.00020870     1.82640899
 HCC11 / DEGREE            119.98218666   119.98994825   119.99700384    -0.00000031     0.00010702
 DIH11 / DEGREE            180.00000000   180.00000000   180.00000000     0.00000000     0.00000000
 HC12 / ANG                  1.07345631     1.07315204     1.07325750    -0.00020869     1.82641170
 HCC12 / DEGREE            119.98427937   120.00038722   120.00095644     0.00000031     0.00010702
 DIH12 / DEGREE            180.00000000   180.00000000   180.00000000     0.00000000     0.00000000
 Convergence:                0.00000000  (line search)     0.00137056     0.00091849  (total)

 Geometry written to block  5 of record 700


 Current variables in basis input:

 Set= 1  $BSET               =  6-31G

 Recomputing integrals since geometry changed

1PROGRAM * SEWARD (Integral evaluation for generally contracted gaussian basis sets)     Author: Roland Lindh, 1990

 Geometry written to block  5 of record 700

 Orientation using atomic masses  
 Molecule type: Asymmetric top
 Rotational constants:       5.7579119      5.7578906      2.8789506 GHz  (calculated with average atomic masses)

 Point group  C1  



 ATOMIC COORDINATES

 NR  ATOM    CHARGE       X              Y              Z

   1  C       6.00    2.623512528   -0.000200742    0.000000000
   2  C       6.00    1.311584774   -2.272181771    0.000000000
   3  C       6.00    1.311927047    2.271866336    0.000000000
   4  C       6.00   -1.311475713    2.272126911    0.000000000
   5  C       6.00   -2.623512514    0.000320422    0.000000000
   6  C       6.00   -1.312036121   -2.271921185    0.000000000
   7  H       1.00    4.651663862   -0.000456707    0.000000000
   8  H       1.00    2.325453487   -4.028715867    0.000000000
   9  H       1.00   -2.326253744   -4.028253847    0.000000000
  10  H       1.00   -4.651663860    0.000467334    0.000000000
  11  H       1.00   -2.325411949    4.028651149    0.000000000
  12  H       1.00    2.326212192    4.028189125    0.000000000

 Bond lengths in Bohr (Angstrom)

 1-2  2.623557171  1-3  2.623460555  1-7  2.028151350  2-6  2.623620909  2-8  2.028137519
     ( 1.388326661)     ( 1.388275534)     ( 1.073251471)     ( 1.388360390)     ( 1.073244152)

  3- 4  2.623402772   3-12  2.028162739   4- 5  2.623460556   4-11  2.028162738   5- 6  2.623557175
       ( 1.388244957)       ( 1.073257498)       ( 1.388275535)       ( 1.073257497)       ( 1.388326664)

  5-10  2.028151351   6- 9  2.028137521
       ( 1.073251471)       ( 1.073244153)

 Bond angles

  1- 2- 6  119.99807093   1- 2- 8  120.00276374   1- 3- 4  120.00203957   1- 3-12  119.99700399

  2-1-3  119.99988972   2-1-7  119.99653066   2-6-5  119.99807049   2-6-9  119.99916532

  3- 1- 7  120.00357962   3- 4- 5  120.00203932   3- 4-11  120.00095685   4- 3-12  120.00095644

  4- 5- 6  119.99988997   4- 5-10  120.00358005   5- 4-11  119.99700384   5- 6- 9  120.00276419

  6- 2- 8  119.99916533   6- 5-10  119.99652998

 NUCLEAR CHARGE:                   42
 NUMBER OF PRIMITIVE AOS:         156
 NUMBER OF SYMMETRY AOS:          156
 NUMBER OF CONTRACTIONS:           66   (  66A   )
 NUMBER OF CORE ORBITALS:           6   (   6A   )
 NUMBER OF VALENCE ORBITALS:       30   (  30A   )


 NUCLEAR REPULSION ENERGY  204.61250468

 EXTRA SYMMETRY OF AOS IN SYMMETRY 1:   1 1 1 1 1 2 1 1 2 1   1 1 1 1 2 1 1 2 1 1   1 1 1 2 1 1 2 1 1 1   1 1 2 1 1 2 1 1 1 1
                                        1 2 1 1 2 1 1 1 1 1   2 1 1 2 1 1 1 1 1 1   1 1 1 1 1 1

 Eigenvalues of metric

         1 0.655E-03 0.564E-02 0.633E-02 0.633E-02 0.870E-02 0.870E-02 0.170E-01 0.170E-01


 Contracted 2-electron integrals neglected if value below      1.0D-11
 AO integral compression algorithm  1   Integral accuracy      1.0D-11

     7.602 MB (compressed) written to integral file ( 33.7%)


 NUMBER OF SORTED TWO-ELECTRON INTEGRALS:    2445366.     BUFFER LENGTH:  32768
 NUMBER OF SEGMENTS:   1  SEGMENT LENGTH:    2445366      RECORD LENGTH: 524288

 Memory used in sort:       3.00 MW

 SORT1 READ     2895470. AND WROTE     1373662. INTEGRALS IN      4 RECORDS. CPU TIME:     0.03 SEC, REAL TIME:     0.03 SEC
 SORT2 READ     1373662. AND WROTE     2445366. INTEGRALS IN     29 RECORDS. CPU TIME:     0.07 SEC, REAL TIME:     0.07 SEC

 FILE SIZES:   FILE 1:    15.5 MBYTE,  FILE 4:    16.8 MBYTE,   TOTAL:     32.3 MBYTE

 OPERATOR DM      FOR CENTER  0  COORDINATES:    0.000000    0.000000    0.000000
1PROGRAM * RHF-SCF (CLOSED SHELL)       Authors: W. Meyer, H.-J. Werner


 NUMBER OF ELECTRONS:      21+   21-    SPACE SYMMETRY=1    SPIN SYMMETRY: Singlet 
 CONVERGENCE THRESHOLDS:    1.00E-07 (Density)    1.00E-08 (Energy)
 MAX. NUMBER OF ITERATIONS:       60
 INTERPOLATION TYPE:            DIIS
 INTERPOLATION STEPS:              2 (START)      1 (STEP)
 LEVEL SHIFTS:                  0.00 (CLOSED)  0.00 (OPEN) 

 Number of closed-shell orbitals:   21 (  21 )


 Molecular orbitals read from record     2100.2  Type=RHF/CANONICAL (state 1.1)

 Molecular orbital dump at record        2100.2

 ITERATION    DDIFF          GRAD             ENERGY        2-EL.EN.            DIPOLE MOMENTS         DIIS   ORB.
    1      0.000D+00      0.000D+00      -230.62447474    560.345420   -0.00000   -0.00029   -0.00000    0    start
    2      0.000D+00      0.109D-04      -230.62447488    560.338107    0.00000    0.00023   -0.00000    1    diag
    3      0.165D-04      0.337D-05      -230.62447489    560.340304   -0.00000   -0.00025    0.00000    2    diag
    4      0.477D-05      0.129D-05      -230.62447489    560.340064   -0.00000   -0.00000    0.00000    3    diag
    5      0.196D-05      0.337D-06      -230.62447489    560.339929   -0.00000   -0.00004    0.00000    4    diag
    6      0.424D-06      0.502D-07      -230.62447489    560.339956   -0.00000   -0.00003   -0.00000    5    diag
    7      0.131D-06      0.119D-07      -230.62447489    560.339955   -0.00000   -0.00003    0.00000    6    diag
    8      0.389D-07      0.277D-08      -230.62447489    560.339955   -0.00000   -0.00003   -0.00000    0    orth

 Final occupancy:  21

 !RHF STATE 1.1 Energy               -230.624474888976
 Nuclear energy                       204.61250468
 One-electron energy                 -715.40695716
 Two-electron energy                  280.16997759
 Virial quotient                       -0.99879163
 !RHF STATE 1.1 Dipole moment          -0.00000000    -0.00003027    -0.00000000
 Dipole moment /Debye                  -0.00000001    -0.00007693    -0.00000000

 Orbital energies:

         1.1          2.1          3.1          4.1          5.1          6.1          7.1          8.1          9.1         10.1
    -11.235020   -11.234458   -11.234458   -11.233229   -11.233229   -11.232637    -1.155480    -1.016833    -1.016832    -0.823810

        11.1         12.1         13.1         14.1         15.1         16.1         17.1         18.1         19.1         20.1
     -0.823809    -0.713499    -0.639949    -0.618530    -0.588149    -0.588148    -0.501211    -0.488161    -0.488161    -0.333951

        21.1         22.1         23.1
     -0.333950     0.148115     0.148116

 HOMO     21.1    -0.333950 =      -9.0872eV
 LUMO     22.1     0.148115 =       4.0304eV
 LUMO-HOMO         0.482065 =      13.1177eV


 **********************************************************************************************************************************
 DATASETS  * FILE   NREC   LENGTH (MB)   RECORD NAMES
              1      19       14.05       500      610      700      900      950      970     1000      129      960     1100   
                                          VAR    BASINP    GEOM    SYMINP    ZMAT    AOBASIS   BASIS     P2S    ABASIS      S 
                                         1400     1410     1200     1210     1080     1600     1650     1300     1700   
                                           T        V       H0       H01     AOSYM     SMH    MOLCAS    ERIS     OPER   

              2       4        0.56       700     1000      520     2100   
                                         GEOM     BASIS   MCVARS     RHF  

 PROGRAMS   *        TOTAL        HF        HF       INT
 CPU TIMES  *        14.50      0.83      0.20      0.69
 REAL TIME  *        14.74 SEC
 DISK USED  *        33.00 MB      
 **********************************************************************************************************************************

 PROGRESS OF GEOMETRY OPTIMIZATION.    TOTAL CPU:        13.5 SEC
   1  -230.56639791  -230.62215163    -0.05575372  0.52461005  0.90853814  0.16587561  0.13150311  0.29922425  0.00997414
   2  -230.62215163  -230.62438329    -0.00223166  0.09743507  0.16740593  0.03056400  0.02914683  0.06465410  0.00215514
   3  -230.62438329  -230.62447427    -0.00009099  0.01429781  0.02583905  0.00471754  0.00790676  0.01568432  0.00052281
   4  -230.62447427  -230.62447489    -0.00000061  0.00046451  0.00091849  0.00016769  0.00082624  0.00137056  0.00004569

 **********************************************************************************************************************************

 Current geometry (xyz format, in Angstrom)

   12
 HF-SCF000/$BSET  ENERGY=-230.62447489
 C          1.3883030375       -0.0001062280        0.0000000000
 C          0.6940607702       -1.2023868080        0.0000000000
 C          0.6942418929        1.2022198868        0.0000000000
 C         -0.6940030573        1.2023577770        0.0000000000
 C         -1.3883030299        0.0001695603        0.0000000000
 C         -0.6942996128       -1.2022489119        0.0000000000
 H          2.4615544995       -0.0002416787        0.0000000000
 H          1.2305769859       -2.1319046182        0.0000000000
 H         -1.2310004636       -2.1316601279        0.0000000000
 H         -2.4615544984        0.0002473024        0.0000000000
 H         -1.2305550050        2.1318703712        0.0000000000
 H          1.2309784752        2.1316258787        0.0000000000

 **********************************************************************************************************************************

 Current variables
 CC2=                 1.38832666 ANG
 CC3=                 1.38827553 ANG
 CCC3=              119.99988972 DEGREE
 CC4=                 1.38824496 ANG
 CCC4=              120.00203957 DEGREE
 DIH4=                0.00000000 DEGREE
 CC5=                 1.38827553 ANG
 CCC5=              120.00203932 DEGREE
 DIH5=               -0.00000000 DEGREE
 CC6=                 1.38832666 ANG
 CCC6=              119.99988997 DEGREE
 DIH6=               -0.00000000 DEGREE
 HC7=                 1.07325147 ANG
 HCC7=              119.99653066 DEGREE
 DIH7=              180.00000000 DEGREE
 HC8=                 1.07324415 ANG
 HCC8=              119.99916533 DEGREE
 DIH8=              180.00000000 DEGREE
 HC9=                 1.07324415 ANG
 HCC9=              120.00276419 DEGREE
 DIH9=              180.00000000 DEGREE
 HC10=                1.07325147 ANG
 HCC10=             120.00358005 DEGREE
 DIH10=             180.00000000 DEGREE
 HC11=                1.07325750 ANG
 HCC11=             119.99700384 DEGREE
 DIH11=             180.00000000 DEGREE
 HC12=                1.07325750 ANG
 HCC12=             120.00095644 DEGREE
 DIH12=             180.00000000 DEGREE

 **********************************************************************************************************************************
1PROGRAM * ALASKA (Gradient of the energy)     Author: R. Lindh

 Orbitals from record         2100.2

 Number of closed-shell orbitals: 21 ( 21 )
 Number of occupied orbitals:     21 ( 21 )

 Number of electrons= 42     Singlet     Space symmetry=1      Wavefunction type: CLOSED          


 SCF GRADIENT FOR STATE 1.1

 Atom          dE/dx               dE/dy               dE/dz

   1         0.000026712         0.000060410        -0.000000000
   2         0.000068445        -0.000050290        -0.000000000
   3        -0.000040151        -0.000005410         0.000000000
   4         0.000040150        -0.000005415         0.000000000
   5        -0.000026698         0.000060418        -0.000000000
   6        -0.000068455        -0.000050279         0.000000000
   7        -0.000026542        -0.000007634        -0.000000000
   8        -0.000018662         0.000025092         0.000000000
   9         0.000018667         0.000025087         0.000000000
  10         0.000026540        -0.000007641         0.000000000
  11         0.000007862        -0.000022170        -0.000000000
  12        -0.000007867        -0.000022168        -0.000000000

 Nuclear force contribution to virial =        -0.000332792
 Reading points  1 to  5 from record 700.2,  wavefunction type=HF-SCF000       

 Making model hessian for Z-matrix coordinates
 BFGS update of hessian using  4 points

 Quadratic Steepest Descent - Minimum Search

 Optimization point 5

 Variable                      Last           Current        Next           Gradient       Hessian

 E(HF-SCF000) / Hartree   -230.62447427  -230.62447489     0.00000000
 CC2 / ANG                   1.38823077     1.38832666     1.38830609    -0.00000123     3.31800471
 CC3 / ANG                   1.38795434     1.38827553     1.38830405     0.00000664     3.30083300
 CCC3 / DEGREE             120.00098221   119.99988972   120.00004770     0.00000234     0.00147799
 CC4 / ANG                   1.38780773     1.38824496     1.38829926     0.00000366     4.73040013
 CCC4 / DEGREE             120.00966583   120.00203957   120.00013594     0.00000489     0.00442534
 DIH4 / DEGREE               0.00000000     0.00000000     0.00000000     0.00000000     0.00000000
 CC5 / ANG                   1.38795433     1.38827553     1.38830405    -0.00000252     3.29854746
 CCC5 / DEGREE             120.00966590   120.00203932   120.00013603     0.00000461     0.00444132
 DIH5 / DEGREE              -0.00000000    -0.00000000    -0.00000000     0.00000000     0.00000000
 CC6 / ANG                   1.38823077     1.38832666     1.38830609    -0.00001038     3.29601907
 CCC6 / DEGREE             120.00098219   119.99988997   120.00004754     0.00000236     0.00148871
 DIH6 / DEGREE              -0.00000000    -0.00000000    -0.00000000     0.00000000     0.00000000
 HC7 / ANG                   1.07313503     1.07325147     1.07328401    -0.00005016     1.81115507
 HCC7 / DEGREE             119.98892332   119.99653066   119.99948911    -0.00000027     0.00010661
 DIH7 / DEGREE             180.00000000   180.00000000   180.00000000     0.00000000     0.00000000
 HC8 / ANG                   1.07311764     1.07324415     1.07328259    -0.00005870     1.80743350
 HCC8 / DEGREE             119.99966187   119.99916533   119.99974568    -0.00000013     0.00010678
 DIH8 / DEGREE             180.00000000   180.00000000   180.00000000     0.00000000     0.00000000
 HC9 / ANG                   1.07311764     1.07324415     1.07328259    -0.00005869     1.80743158
 HCC9 / DEGREE             120.01098526   120.00276419   120.00043796     0.00000013     0.00010678
 DIH9 / DEGREE             180.00000000   180.00000000   180.00000000     0.00000000     0.00000000
 HC10 / ANG                  1.07313502     1.07325147     1.07328401    -0.00005015     1.81114967
 HCC10 / DEGREE            120.01009350   120.00358005   120.00046344     0.00000027     0.00010662
 DIH10 / DEGREE            180.00000000   180.00000000   180.00000000     0.00000000     0.00000000
 HC11 / ANG                  1.07315203     1.07325750     1.07328539    -0.00004371     1.81399520
 HCC11 / DEGREE            119.98994825   119.99700384   119.99964129    -0.00000015     0.00010680
 DIH11 / DEGREE            180.00000000   180.00000000   180.00000000     0.00000000     0.00000000
 HC12 / ANG                  1.07315204     1.07325750     1.07328539    -0.00004371     1.81399832
 HCC12 / DEGREE            120.00038722   120.00095644   120.00022262     0.00000015     0.00010680
 DIH12 / DEGREE            180.00000000   180.00000000   180.00000000     0.00000000     0.00000000
 Convergence:                0.00000000  (line search)     0.00023434     0.00043585  (total)

 Geometry written to block  6 of record 700


 Current variables in basis input:

 Set= 1  $BSET               =  6-31G

 Recomputing integrals since geometry changed

1PROGRAM * SEWARD (Integral evaluation for generally contracted gaussian basis sets)     Author: Roland Lindh, 1990

 Geometry written to block  6 of record 700

 Orientation using atomic masses  
 Molecule type: Asymmetric top
 Rotational constants:       5.7578404      5.7578464      2.8789217 GHz  (calculated with average atomic masses)

 Point group  C1  



 ATOMIC COORDINATES

 NR  ATOM    CHARGE       X              Y              Z

   1  C       6.00    2.623515202   -0.000743409    0.000000000
   2  C       6.00    1.311116154   -2.272407339    0.000000000
   3  C       6.00    1.312399872    2.271657224    0.000000000
   4  C       6.00   -1.311105408    2.272404580    0.000000000
   5  C       6.00   -2.623515202    0.000751310    0.000000000
   6  C       6.00   -1.312410617   -2.271659975    0.000000000
   7  H       1.00    4.651727962   -0.001332768    0.000000000
   8  H       1.00    2.324713022   -4.029182170    0.000000000
   9  H       1.00   -2.327008221   -4.027857037    0.000000000
  10  H       1.00   -4.651727969    0.001317495    0.000000000
  11  H       1.00   -2.324719554    4.029175565    0.000000000
  12  H       1.00    2.327014750    4.027850432    0.000000000

 Bond lengths in Bohr (Angstrom)

 1-2  2.623518300  1-3  2.623514446  1-7  2.028212845  2-6  2.623526877  2-8  2.028210151
     ( 1.388306092)     ( 1.388304052)     ( 1.073284013)     ( 1.388310631)     ( 1.073282587)

  3- 4  2.623505386   3-12  2.028215455   4- 5  2.623514446   4-11  2.028215455   5- 6  2.623518302
       ( 1.388299258)       ( 1.073285394)       ( 1.388304052)       ( 1.073285394)       ( 1.388306093)

  5-10  2.028212846   6- 9  2.028210151
       ( 1.073284013)       ( 1.073282587)

 Bond angles

  1- 2- 6  119.99981631   1- 2- 8  120.00043801   1- 3- 4  120.00013594   1- 3-12  119.99964144

  2-1-3  120.00004770   2-1-7  119.99948911   2-6-5  119.99981648   2-6-9  119.99974556

  3- 1- 7  120.00046318   3- 4- 5  120.00013603   3- 4-11  120.00022268   4- 3-12  120.00022262

  4- 5- 6  120.00004754   4- 5-10  120.00046344   5- 4-11  119.99964129   5- 6- 9  120.00043796

  6- 2- 8  119.99974568   6- 5-10  119.99948902

 NUCLEAR CHARGE:                   42
 NUMBER OF PRIMITIVE AOS:         156
 NUMBER OF SYMMETRY AOS:          156
 NUMBER OF CONTRACTIONS:           66   (  66A   )
 NUMBER OF CORE ORBITALS:           6   (   6A   )
 NUMBER OF VALENCE ORBITALS:       30   (  30A   )


 NUCLEAR REPULSION ENERGY  204.61112928

 EXTRA SYMMETRY OF AOS IN SYMMETRY 1:   1 1 1 1 1 2 1 1 2 1   1 1 1 1 2 1 1 2 1 1   1 1 1 2 1 1 2 1 1 1   1 1 2 1 1 2 1 1 1 1
                                        1 2 1 1 2 1 1 1 1 1   2 1 1 2 1 1 1 1 1 1   1 1 1 1 1 1

 Eigenvalues of metric

         1 0.655E-03 0.564E-02 0.633E-02 0.633E-02 0.870E-02 0.870E-02 0.170E-01 0.170E-01


 Contracted 2-electron integrals neglected if value below      1.0D-11
 AO integral compression algorithm  1   Integral accuracy      1.0D-11

     7.602 MB (compressed) written to integral file ( 33.8%)


 NUMBER OF SORTED TWO-ELECTRON INTEGRALS:    2445366.     BUFFER LENGTH:  32768
 NUMBER OF SEGMENTS:   1  SEGMENT LENGTH:    2445366      RECORD LENGTH: 524288

 Memory used in sort:       3.00 MW

 SORT1 READ     2895470. AND WROTE     1373912. INTEGRALS IN      4 RECORDS. CPU TIME:     0.02 SEC, REAL TIME:     0.04 SEC
 SORT2 READ     1373912. AND WROTE     2445366. INTEGRALS IN     29 RECORDS. CPU TIME:     0.06 SEC, REAL TIME:     0.07 SEC

 FILE SIZES:   FILE 1:    15.5 MBYTE,  FILE 4:    16.8 MBYTE,   TOTAL:     32.3 MBYTE

 OPERATOR DM      FOR CENTER  0  COORDINATES:    0.000000    0.000000    0.000000
1PROGRAM * RHF-SCF (CLOSED SHELL)       Authors: W. Meyer, H.-J. Werner


 NUMBER OF ELECTRONS:      21+   21-    SPACE SYMMETRY=1    SPIN SYMMETRY: Singlet 
 CONVERGENCE THRESHOLDS:    1.00E-07 (Density)    1.00E-09 (Energy)
 MAX. NUMBER OF ITERATIONS:       60
 INTERPOLATION TYPE:            DIIS
 INTERPOLATION STEPS:              2 (START)      1 (STEP)
 LEVEL SHIFTS:                  0.00 (CLOSED)  0.00 (OPEN) 

 Number of closed-shell orbitals:   21 (  21 )


 Molecular orbitals read from record     2100.2  Type=RHF/CANONICAL (state 1.1)

 Molecular orbital dump at record        2100.2

 ITERATION    DDIFF          GRAD             ENERGY        2-EL.EN.            DIPOLE MOMENTS         DIIS   ORB.
    1      0.000D+00      0.000D+00      -230.62447484    560.337884   -0.00000   -0.00006   -0.00000    0    start
    2      0.000D+00      0.666D-05      -230.62447490    560.337215    0.00000    0.00004    0.00000    1    diag
    3      0.611D-05      0.168D-05      -230.62447490    560.337388   -0.00000   -0.00009    0.00000    2    diag
    4      0.276D-05      0.522D-06      -230.62447490    560.337308    0.00000    0.00000    0.00000    3    diag
    5      0.773D-06      0.102D-06      -230.62447490    560.337288   -0.00000   -0.00001    0.00000    4    diag
    6      0.344D-06      0.189D-07      -230.62447490    560.337301   -0.00000   -0.00001   -0.00000    5    diag
    7      0.707D-07      0.598D-08      -230.62447490    560.337297   -0.00000   -0.00001    0.00000    0    orth

 Final occupancy:  21

 !RHF STATE 1.1 Energy               -230.624474904809
 Nuclear energy                       204.61112928
 One-electron energy                 -715.40425291
 Two-electron energy                  280.16864872
 Virial quotient                       -0.99879318
 !RHF STATE 1.1 Dipole moment          -0.00000000    -0.00000539     0.00000000
 Dipole moment /Debye                  -0.00000000    -0.00001371     0.00000000

 Orbital energies:

         1.1          2.1          3.1          4.1          5.1          6.1          7.1          8.1          9.1         10.1
    -11.235026   -11.234464   -11.234464   -11.233235   -11.233235   -11.232643    -1.155479    -1.016829    -1.016829    -0.823803

        11.1         12.1         13.1         14.1         15.1         16.1         17.1         18.1         19.1         20.1
     -0.823803    -0.713489    -0.639936    -0.618530    -0.588142    -0.588142    -0.501211    -0.488157    -0.488156    -0.333951

        21.1         22.1         23.1
     -0.333951     0.148114     0.148114

 HOMO     21.1    -0.333951 =      -9.0873eV
 LUMO     22.1     0.148114 =       4.0304eV
 LUMO-HOMO         0.482065 =      13.1176eV


 **********************************************************************************************************************************
 DATASETS  * FILE   NREC   LENGTH (MB)   RECORD NAMES
              1      19       14.06       500      610      700      900      950      970     1000      129      960     1100   
                                          VAR    BASINP    GEOM    SYMINP    ZMAT    AOBASIS   BASIS     P2S    ABASIS      S 
                                         1400     1410     1200     1210     1080     1600     1650     1300     1700   
                                           T        V       H0       H01     AOSYM     SMH    MOLCAS    ERIS     OPER   

              2       4        0.56       700     1000      520     2100   
                                         GEOM     BASIS   MCVARS     RHF  

 PROGRAMS   *        TOTAL        HF        HF       INT
 CPU TIMES  *        17.81      0.78      0.20      0.69
 REAL TIME  *        18.10 SEC
 DISK USED  *        33.00 MB      
 **********************************************************************************************************************************

 PROGRESS OF GEOMETRY OPTIMIZATION.    TOTAL CPU:        16.8 SEC
   1  -230.56639791  -230.62215163    -0.05575372  0.52461005  0.90853814  0.16587561  0.13150311  0.29922425  0.00997414
   2  -230.62215163  -230.62438329    -0.00223166  0.09743507  0.16740593  0.03056400  0.02914683  0.06465410  0.00215514
   3  -230.62438329  -230.62447427    -0.00009099  0.01429781  0.02583905  0.00471754  0.00790676  0.01568432  0.00052281
   4  -230.62447427  -230.62447489    -0.00000061  0.00046451  0.00091849  0.00016769  0.00082624  0.00137056  0.00004569
   5  -230.62447489  -230.62447490    -0.00000002  0.00028034  0.00043585  0.00007958  0.00010261  0.00023434  0.00000781

 **********************************************************************************************************************************

 Current geometry (xyz format, in Angstrom)

   12
 HF-SCF000/$BSET  ENERGY=-230.62447490
 C          1.3883044524       -0.0003933951        0.0000000000
 C          0.6938127871       -1.2025061735        0.0000000000
 C          0.6944921013        1.2021092298        0.0000000000
 C         -0.6938071006        1.2025047133        0.0000000000
 C         -1.3883044524        0.0003975759        0.0000000000
 C         -0.6944977873       -1.2021106856        0.0000000000
 H          2.4615884197       -0.0007052705        0.0000000000
 H          1.2301851488       -2.1321513753        0.0000000000
 H         -1.2313997157       -2.1314501451        0.0000000000
 H         -2.4615884237        0.0006971882        0.0000000000
 H         -1.2301886051        2.1321478803        0.0000000000
 H          1.2314031710        2.1314466497        0.0000000000

 **********************************************************************************************************************************

 Current variables
 CC2=                 1.38830609 ANG
 CC3=                 1.38830405 ANG
 CCC3=              120.00004770 DEGREE
 CC4=                 1.38829926 ANG
 CCC4=              120.00013594 DEGREE
 DIH4=                0.00000000 DEGREE
 CC5=                 1.38830405 ANG
 CCC5=              120.00013603 DEGREE
 DIH5=               -0.00000000 DEGREE
 CC6=                 1.38830609 ANG
 CCC6=              120.00004754 DEGREE
 DIH6=               -0.00000000 DEGREE
 HC7=                 1.07328401 ANG
 HCC7=              119.99948911 DEGREE
 DIH7=              180.00000000 DEGREE
 HC8=                 1.07328259 ANG
 HCC8=              119.99974568 DEGREE
 DIH8=              180.00000000 DEGREE
 HC9=                 1.07328259 ANG
 HCC9=              120.00043796 DEGREE
 DIH9=              180.00000000 DEGREE
 HC10=                1.07328401 ANG
 HCC10=             120.00046344 DEGREE
 DIH10=             180.00000000 DEGREE
 HC11=                1.07328539 ANG
 HCC11=             119.99964129 DEGREE
 DIH11=             180.00000000 DEGREE
 HC12=                1.07328539 ANG
 HCC12=             120.00022262 DEGREE
 DIH12=             180.00000000 DEGREE

 **********************************************************************************************************************************
